ARM GAS  C:\Users\jorti\AppData\Local\Temp\ccgXtLtQ.s 			page 1


   1              		.syntax unified
   2              		.cpu cortex-m3
   3              		.fpu softvfp
   4              		.eabi_attribute 20, 1
   5              		.eabi_attribute 21, 1
   6              		.eabi_attribute 23, 3
   7              		.eabi_attribute 24, 1
   8              		.eabi_attribute 25, 1
   9              		.eabi_attribute 26, 1
  10              		.eabi_attribute 30, 1
  11              		.eabi_attribute 34, 1
  12              		.eabi_attribute 18, 4
  13              		.thumb
  14              		.syntax unified
  15              		.file	"bsp_spi.c"
  16              		.text
  17              	.Ltext0:
  18              		.cfi_sections	.debug_frame
  19              		.section	.text.init_spi,"ax",%progbits
  20              		.align	2
  21              		.global	init_spi
  22              		.thumb
  23              		.thumb_func
  24              		.type	init_spi, %function
  25              	init_spi:
  26              	.LFB0:
  27              		.file 1 "bsp_spi.c"
   1:bsp_spi.c     **** /* ========================================
   2:bsp_spi.c     ****  *
   3:bsp_spi.c     ****  * Copyright YOUR COMPANY, THE YEAR
   4:bsp_spi.c     ****  * All Rights Reserved
   5:bsp_spi.c     ****  * UNPUBLISHED, LICENSED SOFTWARE.
   6:bsp_spi.c     ****  *
   7:bsp_spi.c     ****  * CONFIDENTIAL AND PROPRIETARY INFORMATION
   8:bsp_spi.c     ****  * WHICH IS THE PROPERTY OF your company.
   9:bsp_spi.c     ****  *
  10:bsp_spi.c     ****  * ========================================
  11:bsp_spi.c     **** */
  12:bsp_spi.c     **** 
  13:bsp_spi.c     **** #include <bsp_spi.h>
  14:bsp_spi.c     **** 
  15:bsp_spi.c     **** /* BSP Functions for SPI */
  16:bsp_spi.c     **** 
  17:bsp_spi.c     **** 
  18:bsp_spi.c     **** CPU_VOID init_spi(CPU_VOID) 
  19:bsp_spi.c     **** {
  28              		.loc 1 19 0
  29              		.cfi_startproc
  30              		@ args = 0, pretend = 0, frame = 0
  31              		@ frame_needed = 0, uses_anonymous_args = 0
  32 0000 08B5     		push	{r3, lr}
  33              		.cfi_def_cfa_offset 8
  34              		.cfi_offset 3, -8
  35              		.cfi_offset 14, -4
  20:bsp_spi.c     ****   //SPIM_1_Init();
  21:bsp_spi.c     ****   SPIM_1_Start();
  36              		.loc 1 21 0
ARM GAS  C:\Users\jorti\AppData\Local\Temp\ccgXtLtQ.s 			page 2


  37 0002 FFF7FEFF 		bl	SPIM_1_Start
  38              	.LVL0:
  39 0006 08BD     		pop	{r3, pc}
  40              		.cfi_endproc
  41              	.LFE0:
  42              		.size	init_spi, .-init_spi
  43              		.section	.text.spi_set_tx_int_mode,"ax",%progbits
  44              		.align	2
  45              		.global	spi_set_tx_int_mode
  46              		.thumb
  47              		.thumb_func
  48              		.type	spi_set_tx_int_mode, %function
  49              	spi_set_tx_int_mode:
  50              	.LFB1:
  22:bsp_spi.c     **** }
  23:bsp_spi.c     **** 
  24:bsp_spi.c     **** CPU_VOID spi_set_tx_int_mode(CPU_INT08U int_src)
  25:bsp_spi.c     **** {
  51              		.loc 1 25 0
  52              		.cfi_startproc
  53              		@ args = 0, pretend = 0, frame = 0
  54              		@ frame_needed = 0, uses_anonymous_args = 0
  55              	.LVL1:
  56 0000 08B5     		push	{r3, lr}
  57              		.cfi_def_cfa_offset 8
  58              		.cfi_offset 3, -8
  59              		.cfi_offset 14, -4
  26:bsp_spi.c     ****   SPIM_1_SetTxInterruptMode(int_src);
  60              		.loc 1 26 0
  61 0002 FFF7FEFF 		bl	SPIM_1_SetTxInterruptMode
  62              	.LVL2:
  63 0006 08BD     		pop	{r3, pc}
  64              		.cfi_endproc
  65              	.LFE1:
  66              		.size	spi_set_tx_int_mode, .-spi_set_tx_int_mode
  67              		.section	.text.spi_set_rx_int_mode,"ax",%progbits
  68              		.align	2
  69              		.global	spi_set_rx_int_mode
  70              		.thumb
  71              		.thumb_func
  72              		.type	spi_set_rx_int_mode, %function
  73              	spi_set_rx_int_mode:
  74              	.LFB2:
  27:bsp_spi.c     **** }
  28:bsp_spi.c     **** 
  29:bsp_spi.c     **** CPU_VOID spi_set_rx_int_mode(CPU_INT08U int_src)
  30:bsp_spi.c     **** {
  75              		.loc 1 30 0
  76              		.cfi_startproc
  77              		@ args = 0, pretend = 0, frame = 0
  78              		@ frame_needed = 0, uses_anonymous_args = 0
  79              	.LVL3:
  80 0000 08B5     		push	{r3, lr}
  81              		.cfi_def_cfa_offset 8
  82              		.cfi_offset 3, -8
  83              		.cfi_offset 14, -4
  31:bsp_spi.c     ****   SPIM_1_SetRxInterruptMode(int_src);
ARM GAS  C:\Users\jorti\AppData\Local\Temp\ccgXtLtQ.s 			page 3


  84              		.loc 1 31 0
  85 0002 FFF7FEFF 		bl	SPIM_1_SetRxInterruptMode
  86              	.LVL4:
  87 0006 08BD     		pop	{r3, pc}
  88              		.cfi_endproc
  89              	.LFE2:
  90              		.size	spi_set_rx_int_mode, .-spi_set_rx_int_mode
  91              		.section	.text.spi_get_byte,"ax",%progbits
  92              		.align	2
  93              		.global	spi_get_byte
  94              		.thumb
  95              		.thumb_func
  96              		.type	spi_get_byte, %function
  97              	spi_get_byte:
  98              	.LFB3:
  32:bsp_spi.c     **** }
  33:bsp_spi.c     **** 
  34:bsp_spi.c     **** CPU_INT08U spi_get_byte(CPU_VOID)
  35:bsp_spi.c     **** {
  99              		.loc 1 35 0
 100              		.cfi_startproc
 101              		@ args = 0, pretend = 0, frame = 0
 102              		@ frame_needed = 0, uses_anonymous_args = 0
 103 0000 08B5     		push	{r3, lr}
 104              		.cfi_def_cfa_offset 8
 105              		.cfi_offset 3, -8
 106              		.cfi_offset 14, -4
  36:bsp_spi.c     ****   return SPIM_1_ReadRxData();
 107              		.loc 1 36 0
 108 0002 FFF7FEFF 		bl	SPIM_1_ReadRxData
 109              	.LVL5:
  37:bsp_spi.c     **** }
 110              		.loc 1 37 0
 111 0006 08BD     		pop	{r3, pc}
 112              		.cfi_endproc
 113              	.LFE3:
 114              		.size	spi_get_byte, .-spi_get_byte
 115              		.section	.text.spi_send_byte,"ax",%progbits
 116              		.align	2
 117              		.global	spi_send_byte
 118              		.thumb
 119              		.thumb_func
 120              		.type	spi_send_byte, %function
 121              	spi_send_byte:
 122              	.LFB4:
  38:bsp_spi.c     **** 
  39:bsp_spi.c     **** CPU_VOID spi_send_byte(CPU_INT08U byte)
  40:bsp_spi.c     **** {
 123              		.loc 1 40 0
 124              		.cfi_startproc
 125              		@ args = 0, pretend = 0, frame = 0
 126              		@ frame_needed = 0, uses_anonymous_args = 0
 127              	.LVL6:
 128 0000 08B5     		push	{r3, lr}
 129              		.cfi_def_cfa_offset 8
 130              		.cfi_offset 3, -8
 131              		.cfi_offset 14, -4
ARM GAS  C:\Users\jorti\AppData\Local\Temp\ccgXtLtQ.s 			page 4


  41:bsp_spi.c     ****   SPIM_1_WriteTxData(byte);
 132              		.loc 1 41 0
 133 0002 FFF7FEFF 		bl	SPIM_1_WriteTxData
 134              	.LVL7:
 135 0006 08BD     		pop	{r3, pc}
 136              		.cfi_endproc
 137              	.LFE4:
 138              		.size	spi_send_byte, .-spi_send_byte
 139              		.section	.text.spi_get_rx_buffer_size,"ax",%progbits
 140              		.align	2
 141              		.global	spi_get_rx_buffer_size
 142              		.thumb
 143              		.thumb_func
 144              		.type	spi_get_rx_buffer_size, %function
 145              	spi_get_rx_buffer_size:
 146              	.LFB5:
  42:bsp_spi.c     **** }
  43:bsp_spi.c     **** 
  44:bsp_spi.c     **** CPU_INT08U spi_get_rx_buffer_size(CPU_VOID)
  45:bsp_spi.c     **** {
 147              		.loc 1 45 0
 148              		.cfi_startproc
 149              		@ args = 0, pretend = 0, frame = 0
 150              		@ frame_needed = 0, uses_anonymous_args = 0
 151 0000 08B5     		push	{r3, lr}
 152              		.cfi_def_cfa_offset 8
 153              		.cfi_offset 3, -8
 154              		.cfi_offset 14, -4
  46:bsp_spi.c     ****   return SPIM_1_GetRxBufferSize(); 
 155              		.loc 1 46 0
 156 0002 FFF7FEFF 		bl	SPIM_1_GetRxBufferSize
 157              	.LVL8:
  47:bsp_spi.c     **** }
 158              		.loc 1 47 0
 159 0006 08BD     		pop	{r3, pc}
 160              		.cfi_endproc
 161              	.LFE5:
 162              		.size	spi_get_rx_buffer_size, .-spi_get_rx_buffer_size
 163              		.section	.text.spi_get_tx_buffer_size,"ax",%progbits
 164              		.align	2
 165              		.global	spi_get_tx_buffer_size
 166              		.thumb
 167              		.thumb_func
 168              		.type	spi_get_tx_buffer_size, %function
 169              	spi_get_tx_buffer_size:
 170              	.LFB6:
  48:bsp_spi.c     **** 
  49:bsp_spi.c     **** CPU_INT08U spi_get_tx_buffer_size(CPU_VOID)
  50:bsp_spi.c     **** {
 171              		.loc 1 50 0
 172              		.cfi_startproc
 173              		@ args = 0, pretend = 0, frame = 0
 174              		@ frame_needed = 0, uses_anonymous_args = 0
 175 0000 08B5     		push	{r3, lr}
 176              		.cfi_def_cfa_offset 8
 177              		.cfi_offset 3, -8
 178              		.cfi_offset 14, -4
ARM GAS  C:\Users\jorti\AppData\Local\Temp\ccgXtLtQ.s 			page 5


  51:bsp_spi.c     ****   return SPIM_1_GetTxBufferSize();
 179              		.loc 1 51 0
 180 0002 FFF7FEFF 		bl	SPIM_1_GetTxBufferSize
 181              	.LVL9:
  52:bsp_spi.c     **** }
 182              		.loc 1 52 0
 183 0006 08BD     		pop	{r3, pc}
 184              		.cfi_endproc
 185              	.LFE6:
 186              		.size	spi_get_tx_buffer_size, .-spi_get_tx_buffer_size
 187              		.section	.text.spi_get_rx_status,"ax",%progbits
 188              		.align	2
 189              		.global	spi_get_rx_status
 190              		.thumb
 191              		.thumb_func
 192              		.type	spi_get_rx_status, %function
 193              	spi_get_rx_status:
 194              	.LFB7:
  53:bsp_spi.c     **** 
  54:bsp_spi.c     **** CPU_INT08U spi_get_rx_status(CPU_VOID)
  55:bsp_spi.c     **** {
 195              		.loc 1 55 0
 196              		.cfi_startproc
 197              		@ args = 0, pretend = 0, frame = 0
 198              		@ frame_needed = 0, uses_anonymous_args = 0
 199 0000 08B5     		push	{r3, lr}
 200              		.cfi_def_cfa_offset 8
 201              		.cfi_offset 3, -8
 202              		.cfi_offset 14, -4
  56:bsp_spi.c     ****   return SPIM_1_ReadRxStatus();
 203              		.loc 1 56 0
 204 0002 FFF7FEFF 		bl	SPIM_1_ReadRxStatus
 205              	.LVL10:
  57:bsp_spi.c     **** }
 206              		.loc 1 57 0
 207 0006 08BD     		pop	{r3, pc}
 208              		.cfi_endproc
 209              	.LFE7:
 210              		.size	spi_get_rx_status, .-spi_get_rx_status
 211              		.section	.text.spi_get_tx_status,"ax",%progbits
 212              		.align	2
 213              		.global	spi_get_tx_status
 214              		.thumb
 215              		.thumb_func
 216              		.type	spi_get_tx_status, %function
 217              	spi_get_tx_status:
 218              	.LFB8:
  58:bsp_spi.c     **** 
  59:bsp_spi.c     **** CPU_INT08U spi_get_tx_status(CPU_VOID)
  60:bsp_spi.c     **** {
 219              		.loc 1 60 0
 220              		.cfi_startproc
 221              		@ args = 0, pretend = 0, frame = 0
 222              		@ frame_needed = 0, uses_anonymous_args = 0
 223 0000 08B5     		push	{r3, lr}
 224              		.cfi_def_cfa_offset 8
 225              		.cfi_offset 3, -8
ARM GAS  C:\Users\jorti\AppData\Local\Temp\ccgXtLtQ.s 			page 6


 226              		.cfi_offset 14, -4
  61:bsp_spi.c     ****   return SPIM_1_ReadTxStatus();
 227              		.loc 1 61 0
 228 0002 FFF7FEFF 		bl	SPIM_1_ReadTxStatus
 229              	.LVL11:
  62:bsp_spi.c     **** }
 230              		.loc 1 62 0
 231 0006 08BD     		pop	{r3, pc}
 232              		.cfi_endproc
 233              	.LFE8:
 234              		.size	spi_get_tx_status, .-spi_get_tx_status
 235              		.text
 236              	.Letext0:
 237              		.file 2 "Generated_Source\\PSoC5/SPIM_1.h"
 238              		.file 3 ".\\uC-CPU\\ARM-Cortex-M3\\GNU/cpu.h"
 239              		.section	.debug_info,"",%progbits
 240              	.Ldebug_info0:
 241 0000 51020000 		.4byte	0x251
 242 0004 0400     		.2byte	0x4
 243 0006 00000000 		.4byte	.Ldebug_abbrev0
 244 000a 04       		.byte	0x4
 245 000b 01       		.uleb128 0x1
 246 000c 77010000 		.4byte	.LASF34
 247 0010 0C       		.byte	0xc
 248 0011 00000000 		.4byte	.LASF35
 249 0015 5D020000 		.4byte	.LASF36
 250 0019 00000000 		.4byte	.Ldebug_ranges0+0
 251 001d 00000000 		.4byte	0
 252 0021 00000000 		.4byte	.Ldebug_line0
 253 0025 02       		.uleb128 0x2
 254 0026 01       		.byte	0x1
 255 0027 08       		.byte	0x8
 256 0028 33020000 		.4byte	.LASF0
 257 002c 02       		.uleb128 0x2
 258 002d 01       		.byte	0x1
 259 002e 08       		.byte	0x8
 260 002f CD000000 		.4byte	.LASF1
 261 0033 03       		.uleb128 0x3
 262 0034 FF000000 		.4byte	.LASF37
 263 0038 03       		.byte	0x3
 264 0039 78       		.byte	0x78
 265 003a 2C000000 		.4byte	0x2c
 266 003e 02       		.uleb128 0x2
 267 003f 01       		.byte	0x1
 268 0040 06       		.byte	0x6
 269 0041 E7020000 		.4byte	.LASF2
 270 0045 02       		.uleb128 0x2
 271 0046 02       		.byte	0x2
 272 0047 07       		.byte	0x7
 273 0048 42000000 		.4byte	.LASF3
 274 004c 02       		.uleb128 0x2
 275 004d 02       		.byte	0x2
 276 004e 05       		.byte	0x5
 277 004f 53020000 		.4byte	.LASF4
 278 0053 02       		.uleb128 0x2
 279 0054 04       		.byte	0x4
 280 0055 07       		.byte	0x7
ARM GAS  C:\Users\jorti\AppData\Local\Temp\ccgXtLtQ.s 			page 7


 281 0056 3F010000 		.4byte	.LASF5
 282 005a 04       		.uleb128 0x4
 283 005b 04       		.byte	0x4
 284 005c 05       		.byte	0x5
 285 005d 696E7400 		.ascii	"int\000"
 286 0061 02       		.uleb128 0x2
 287 0062 08       		.byte	0x8
 288 0063 07       		.byte	0x7
 289 0064 60010000 		.4byte	.LASF6
 290 0068 02       		.uleb128 0x2
 291 0069 08       		.byte	0x8
 292 006a 05       		.byte	0x5
 293 006b 25020000 		.4byte	.LASF7
 294 006f 02       		.uleb128 0x2
 295 0070 04       		.byte	0x4
 296 0071 04       		.byte	0x4
 297 0072 C7000000 		.4byte	.LASF8
 298 0076 02       		.uleb128 0x2
 299 0077 08       		.byte	0x8
 300 0078 04       		.byte	0x4
 301 0079 38010000 		.4byte	.LASF9
 302 007d 02       		.uleb128 0x2
 303 007e 04       		.byte	0x4
 304 007f 05       		.byte	0x5
 305 0080 D2020000 		.4byte	.LASF10
 306 0084 02       		.uleb128 0x2
 307 0085 04       		.byte	0x4
 308 0086 07       		.byte	0x7
 309 0087 ED000000 		.4byte	.LASF11
 310 008b 02       		.uleb128 0x2
 311 008c 08       		.byte	0x8
 312 008d 04       		.byte	0x4
 313 008e DB020000 		.4byte	.LASF12
 314 0092 02       		.uleb128 0x2
 315 0093 04       		.byte	0x4
 316 0094 07       		.byte	0x7
 317 0095 05020000 		.4byte	.LASF13
 318 0099 05       		.uleb128 0x5
 319 009a 38020000 		.4byte	.LASF14
 320 009e 01       		.byte	0x1
 321 009f 12       		.byte	0x12
 322 00a0 00000000 		.4byte	.LFB0
 323 00a4 08000000 		.4byte	.LFE0-.LFB0
 324 00a8 01       		.uleb128 0x1
 325 00a9 9C       		.byte	0x9c
 326 00aa B8000000 		.4byte	0xb8
 327 00ae 06       		.uleb128 0x6
 328 00af 06000000 		.4byte	.LVL0
 329 00b3 F1010000 		.4byte	0x1f1
 330 00b7 00       		.byte	0
 331 00b8 05       		.uleb128 0x5
 332 00b9 1C010000 		.4byte	.LASF15
 333 00bd 01       		.byte	0x1
 334 00be 18       		.byte	0x18
 335 00bf 00000000 		.4byte	.LFB1
 336 00c3 08000000 		.4byte	.LFE1-.LFB1
 337 00c7 01       		.uleb128 0x1
ARM GAS  C:\Users\jorti\AppData\Local\Temp\ccgXtLtQ.s 			page 8


 338 00c8 9C       		.byte	0x9c
 339 00c9 E6000000 		.4byte	0xe6
 340 00cd 07       		.uleb128 0x7
 341 00ce 30010000 		.4byte	.LASF17
 342 00d2 01       		.byte	0x1
 343 00d3 18       		.byte	0x18
 344 00d4 33000000 		.4byte	0x33
 345 00d8 00000000 		.4byte	.LLST0
 346 00dc 06       		.uleb128 0x6
 347 00dd 06000000 		.4byte	.LVL2
 348 00e1 FC010000 		.4byte	0x1fc
 349 00e5 00       		.byte	0
 350 00e6 05       		.uleb128 0x5
 351 00e7 2E000000 		.4byte	.LASF16
 352 00eb 01       		.byte	0x1
 353 00ec 1D       		.byte	0x1d
 354 00ed 00000000 		.4byte	.LFB2
 355 00f1 08000000 		.4byte	.LFE2-.LFB2
 356 00f5 01       		.uleb128 0x1
 357 00f6 9C       		.byte	0x9c
 358 00f7 14010000 		.4byte	0x114
 359 00fb 07       		.uleb128 0x7
 360 00fc 30010000 		.4byte	.LASF17
 361 0100 01       		.byte	0x1
 362 0101 1D       		.byte	0x1d
 363 0102 33000000 		.4byte	0x33
 364 0106 21000000 		.4byte	.LLST1
 365 010a 06       		.uleb128 0x6
 366 010b 06000000 		.4byte	.LVL4
 367 010f 07020000 		.4byte	0x207
 368 0113 00       		.byte	0
 369 0114 08       		.uleb128 0x8
 370 0115 1D030000 		.4byte	.LASF20
 371 0119 01       		.byte	0x1
 372 011a 22       		.byte	0x22
 373 011b 33000000 		.4byte	0x33
 374 011f 00000000 		.4byte	.LFB3
 375 0123 08000000 		.4byte	.LFE3-.LFB3
 376 0127 01       		.uleb128 0x1
 377 0128 9C       		.byte	0x9c
 378 0129 37010000 		.4byte	0x137
 379 012d 06       		.uleb128 0x6
 380 012e 06000000 		.4byte	.LVL5
 381 0132 12020000 		.4byte	0x212
 382 0136 00       		.byte	0
 383 0137 05       		.uleb128 0x5
 384 0138 B9000000 		.4byte	.LASF18
 385 013c 01       		.byte	0x1
 386 013d 27       		.byte	0x27
 387 013e 00000000 		.4byte	.LFB4
 388 0142 08000000 		.4byte	.LFE4-.LFB4
 389 0146 01       		.uleb128 0x1
 390 0147 9C       		.byte	0x9c
 391 0148 65010000 		.4byte	0x165
 392 014c 07       		.uleb128 0x7
 393 014d 55000000 		.4byte	.LASF19
 394 0151 01       		.byte	0x1
ARM GAS  C:\Users\jorti\AppData\Local\Temp\ccgXtLtQ.s 			page 9


 395 0152 27       		.byte	0x27
 396 0153 33000000 		.4byte	0x33
 397 0157 42000000 		.4byte	.LLST2
 398 015b 06       		.uleb128 0x6
 399 015c 06000000 		.4byte	.LVL7
 400 0160 1D020000 		.4byte	0x21d
 401 0164 00       		.byte	0
 402 0165 08       		.uleb128 0x8
 403 0166 0E020000 		.4byte	.LASF21
 404 016a 01       		.byte	0x1
 405 016b 2C       		.byte	0x2c
 406 016c 33000000 		.4byte	0x33
 407 0170 00000000 		.4byte	.LFB5
 408 0174 08000000 		.4byte	.LFE5-.LFB5
 409 0178 01       		.uleb128 0x1
 410 0179 9C       		.byte	0x9c
 411 017a 88010000 		.4byte	0x188
 412 017e 06       		.uleb128 0x6
 413 017f 06000000 		.4byte	.LVL8
 414 0183 28020000 		.4byte	0x228
 415 0187 00       		.byte	0
 416 0188 08       		.uleb128 0x8
 417 0189 06030000 		.4byte	.LASF22
 418 018d 01       		.byte	0x1
 419 018e 31       		.byte	0x31
 420 018f 33000000 		.4byte	0x33
 421 0193 00000000 		.4byte	.LFB6
 422 0197 08000000 		.4byte	.LFE6-.LFB6
 423 019b 01       		.uleb128 0x1
 424 019c 9C       		.byte	0x9c
 425 019d AB010000 		.4byte	0x1ab
 426 01a1 06       		.uleb128 0x6
 427 01a2 06000000 		.4byte	.LVL9
 428 01a6 33020000 		.4byte	0x233
 429 01aa 00       		.byte	0
 430 01ab 08       		.uleb128 0x8
 431 01ac 0A010000 		.4byte	.LASF23
 432 01b0 01       		.byte	0x1
 433 01b1 36       		.byte	0x36
 434 01b2 33000000 		.4byte	0x33
 435 01b6 00000000 		.4byte	.LFB7
 436 01ba 08000000 		.4byte	.LFE7-.LFB7
 437 01be 01       		.uleb128 0x1
 438 01bf 9C       		.byte	0x9c
 439 01c0 CE010000 		.4byte	0x1ce
 440 01c4 06       		.uleb128 0x6
 441 01c5 06000000 		.4byte	.LVL10
 442 01c9 3E020000 		.4byte	0x23e
 443 01cd 00       		.byte	0
 444 01ce 08       		.uleb128 0x8
 445 01cf DB000000 		.4byte	.LASF24
 446 01d3 01       		.byte	0x1
 447 01d4 3B       		.byte	0x3b
 448 01d5 33000000 		.4byte	0x33
 449 01d9 00000000 		.4byte	.LFB8
 450 01dd 08000000 		.4byte	.LFE8-.LFB8
 451 01e1 01       		.uleb128 0x1
ARM GAS  C:\Users\jorti\AppData\Local\Temp\ccgXtLtQ.s 			page 10


 452 01e2 9C       		.byte	0x9c
 453 01e3 F1010000 		.4byte	0x1f1
 454 01e7 06       		.uleb128 0x6
 455 01e8 06000000 		.4byte	.LVL11
 456 01ec 49020000 		.4byte	0x249
 457 01f0 00       		.byte	0
 458 01f1 09       		.uleb128 0x9
 459 01f2 21000000 		.4byte	.LASF25
 460 01f6 21000000 		.4byte	.LASF25
 461 01fa 02       		.byte	0x2
 462 01fb 4D       		.byte	0x4d
 463 01fc 09       		.uleb128 0x9
 464 01fd 71000000 		.4byte	.LASF26
 465 0201 71000000 		.4byte	.LASF26
 466 0205 02       		.byte	0x2
 467 0206 5A       		.byte	0x5a
 468 0207 09       		.uleb128 0x9
 469 0208 9F000000 		.4byte	.LASF27
 470 020c 9F000000 		.4byte	.LASF27
 471 0210 02       		.byte	0x2
 472 0211 5B       		.byte	0x5b
 473 0212 09       		.uleb128 0x9
 474 0213 41020000 		.4byte	.LASF28
 475 0217 41020000 		.4byte	.LASF28
 476 021b 02       		.byte	0x2
 477 021c 60       		.byte	0x60
 478 021d 09       		.uleb128 0x9
 479 021e F3020000 		.4byte	.LASF29
 480 0222 F3020000 		.4byte	.LASF29
 481 0226 02       		.byte	0x2
 482 0227 5E       		.byte	0x5e
 483 0228 09       		.uleb128 0x9
 484 0229 5A000000 		.4byte	.LASF30
 485 022d 5A000000 		.4byte	.LASF30
 486 0231 02       		.byte	0x2
 487 0232 62       		.byte	0x62
 488 0233 09       		.uleb128 0x9
 489 0234 0A000000 		.4byte	.LASF31
 490 0238 0A000000 		.4byte	.LASF31
 491 023c 02       		.byte	0x2
 492 023d 63       		.byte	0x63
 493 023e 09       		.uleb128 0x9
 494 023f 4C010000 		.4byte	.LASF32
 495 0243 4C010000 		.4byte	.LASF32
 496 0247 02       		.byte	0x2
 497 0248 5D       		.byte	0x5d
 498 0249 09       		.uleb128 0x9
 499 024a 8B000000 		.4byte	.LASF33
 500 024e 8B000000 		.4byte	.LASF33
 501 0252 02       		.byte	0x2
 502 0253 5C       		.byte	0x5c
 503 0254 00       		.byte	0
 504              		.section	.debug_abbrev,"",%progbits
 505              	.Ldebug_abbrev0:
 506 0000 01       		.uleb128 0x1
 507 0001 11       		.uleb128 0x11
 508 0002 01       		.byte	0x1
ARM GAS  C:\Users\jorti\AppData\Local\Temp\ccgXtLtQ.s 			page 11


 509 0003 25       		.uleb128 0x25
 510 0004 0E       		.uleb128 0xe
 511 0005 13       		.uleb128 0x13
 512 0006 0B       		.uleb128 0xb
 513 0007 03       		.uleb128 0x3
 514 0008 0E       		.uleb128 0xe
 515 0009 1B       		.uleb128 0x1b
 516 000a 0E       		.uleb128 0xe
 517 000b 55       		.uleb128 0x55
 518 000c 17       		.uleb128 0x17
 519 000d 11       		.uleb128 0x11
 520 000e 01       		.uleb128 0x1
 521 000f 10       		.uleb128 0x10
 522 0010 17       		.uleb128 0x17
 523 0011 00       		.byte	0
 524 0012 00       		.byte	0
 525 0013 02       		.uleb128 0x2
 526 0014 24       		.uleb128 0x24
 527 0015 00       		.byte	0
 528 0016 0B       		.uleb128 0xb
 529 0017 0B       		.uleb128 0xb
 530 0018 3E       		.uleb128 0x3e
 531 0019 0B       		.uleb128 0xb
 532 001a 03       		.uleb128 0x3
 533 001b 0E       		.uleb128 0xe
 534 001c 00       		.byte	0
 535 001d 00       		.byte	0
 536 001e 03       		.uleb128 0x3
 537 001f 16       		.uleb128 0x16
 538 0020 00       		.byte	0
 539 0021 03       		.uleb128 0x3
 540 0022 0E       		.uleb128 0xe
 541 0023 3A       		.uleb128 0x3a
 542 0024 0B       		.uleb128 0xb
 543 0025 3B       		.uleb128 0x3b
 544 0026 0B       		.uleb128 0xb
 545 0027 49       		.uleb128 0x49
 546 0028 13       		.uleb128 0x13
 547 0029 00       		.byte	0
 548 002a 00       		.byte	0
 549 002b 04       		.uleb128 0x4
 550 002c 24       		.uleb128 0x24
 551 002d 00       		.byte	0
 552 002e 0B       		.uleb128 0xb
 553 002f 0B       		.uleb128 0xb
 554 0030 3E       		.uleb128 0x3e
 555 0031 0B       		.uleb128 0xb
 556 0032 03       		.uleb128 0x3
 557 0033 08       		.uleb128 0x8
 558 0034 00       		.byte	0
 559 0035 00       		.byte	0
 560 0036 05       		.uleb128 0x5
 561 0037 2E       		.uleb128 0x2e
 562 0038 01       		.byte	0x1
 563 0039 3F       		.uleb128 0x3f
 564 003a 19       		.uleb128 0x19
 565 003b 03       		.uleb128 0x3
ARM GAS  C:\Users\jorti\AppData\Local\Temp\ccgXtLtQ.s 			page 12


 566 003c 0E       		.uleb128 0xe
 567 003d 3A       		.uleb128 0x3a
 568 003e 0B       		.uleb128 0xb
 569 003f 3B       		.uleb128 0x3b
 570 0040 0B       		.uleb128 0xb
 571 0041 27       		.uleb128 0x27
 572 0042 19       		.uleb128 0x19
 573 0043 11       		.uleb128 0x11
 574 0044 01       		.uleb128 0x1
 575 0045 12       		.uleb128 0x12
 576 0046 06       		.uleb128 0x6
 577 0047 40       		.uleb128 0x40
 578 0048 18       		.uleb128 0x18
 579 0049 9742     		.uleb128 0x2117
 580 004b 19       		.uleb128 0x19
 581 004c 01       		.uleb128 0x1
 582 004d 13       		.uleb128 0x13
 583 004e 00       		.byte	0
 584 004f 00       		.byte	0
 585 0050 06       		.uleb128 0x6
 586 0051 898201   		.uleb128 0x4109
 587 0054 00       		.byte	0
 588 0055 11       		.uleb128 0x11
 589 0056 01       		.uleb128 0x1
 590 0057 31       		.uleb128 0x31
 591 0058 13       		.uleb128 0x13
 592 0059 00       		.byte	0
 593 005a 00       		.byte	0
 594 005b 07       		.uleb128 0x7
 595 005c 05       		.uleb128 0x5
 596 005d 00       		.byte	0
 597 005e 03       		.uleb128 0x3
 598 005f 0E       		.uleb128 0xe
 599 0060 3A       		.uleb128 0x3a
 600 0061 0B       		.uleb128 0xb
 601 0062 3B       		.uleb128 0x3b
 602 0063 0B       		.uleb128 0xb
 603 0064 49       		.uleb128 0x49
 604 0065 13       		.uleb128 0x13
 605 0066 02       		.uleb128 0x2
 606 0067 17       		.uleb128 0x17
 607 0068 00       		.byte	0
 608 0069 00       		.byte	0
 609 006a 08       		.uleb128 0x8
 610 006b 2E       		.uleb128 0x2e
 611 006c 01       		.byte	0x1
 612 006d 3F       		.uleb128 0x3f
 613 006e 19       		.uleb128 0x19
 614 006f 03       		.uleb128 0x3
 615 0070 0E       		.uleb128 0xe
 616 0071 3A       		.uleb128 0x3a
 617 0072 0B       		.uleb128 0xb
 618 0073 3B       		.uleb128 0x3b
 619 0074 0B       		.uleb128 0xb
 620 0075 27       		.uleb128 0x27
 621 0076 19       		.uleb128 0x19
 622 0077 49       		.uleb128 0x49
ARM GAS  C:\Users\jorti\AppData\Local\Temp\ccgXtLtQ.s 			page 13


 623 0078 13       		.uleb128 0x13
 624 0079 11       		.uleb128 0x11
 625 007a 01       		.uleb128 0x1
 626 007b 12       		.uleb128 0x12
 627 007c 06       		.uleb128 0x6
 628 007d 40       		.uleb128 0x40
 629 007e 18       		.uleb128 0x18
 630 007f 9742     		.uleb128 0x2117
 631 0081 19       		.uleb128 0x19
 632 0082 01       		.uleb128 0x1
 633 0083 13       		.uleb128 0x13
 634 0084 00       		.byte	0
 635 0085 00       		.byte	0
 636 0086 09       		.uleb128 0x9
 637 0087 2E       		.uleb128 0x2e
 638 0088 00       		.byte	0
 639 0089 3F       		.uleb128 0x3f
 640 008a 19       		.uleb128 0x19
 641 008b 3C       		.uleb128 0x3c
 642 008c 19       		.uleb128 0x19
 643 008d 6E       		.uleb128 0x6e
 644 008e 0E       		.uleb128 0xe
 645 008f 03       		.uleb128 0x3
 646 0090 0E       		.uleb128 0xe
 647 0091 3A       		.uleb128 0x3a
 648 0092 0B       		.uleb128 0xb
 649 0093 3B       		.uleb128 0x3b
 650 0094 0B       		.uleb128 0xb
 651 0095 00       		.byte	0
 652 0096 00       		.byte	0
 653 0097 00       		.byte	0
 654              		.section	.debug_loc,"",%progbits
 655              	.Ldebug_loc0:
 656              	.LLST0:
 657 0000 00000000 		.4byte	.LVL1
 658 0004 05000000 		.4byte	.LVL2-1
 659 0008 0100     		.2byte	0x1
 660 000a 50       		.byte	0x50
 661 000b 05000000 		.4byte	.LVL2-1
 662 000f 08000000 		.4byte	.LFE1
 663 0013 0400     		.2byte	0x4
 664 0015 F3       		.byte	0xf3
 665 0016 01       		.uleb128 0x1
 666 0017 50       		.byte	0x50
 667 0018 9F       		.byte	0x9f
 668 0019 00000000 		.4byte	0
 669 001d 00000000 		.4byte	0
 670              	.LLST1:
 671 0021 00000000 		.4byte	.LVL3
 672 0025 05000000 		.4byte	.LVL4-1
 673 0029 0100     		.2byte	0x1
 674 002b 50       		.byte	0x50
 675 002c 05000000 		.4byte	.LVL4-1
 676 0030 08000000 		.4byte	.LFE2
 677 0034 0400     		.2byte	0x4
 678 0036 F3       		.byte	0xf3
 679 0037 01       		.uleb128 0x1
ARM GAS  C:\Users\jorti\AppData\Local\Temp\ccgXtLtQ.s 			page 14


 680 0038 50       		.byte	0x50
 681 0039 9F       		.byte	0x9f
 682 003a 00000000 		.4byte	0
 683 003e 00000000 		.4byte	0
 684              	.LLST2:
 685 0042 00000000 		.4byte	.LVL6
 686 0046 05000000 		.4byte	.LVL7-1
 687 004a 0100     		.2byte	0x1
 688 004c 50       		.byte	0x50
 689 004d 05000000 		.4byte	.LVL7-1
 690 0051 08000000 		.4byte	.LFE4
 691 0055 0400     		.2byte	0x4
 692 0057 F3       		.byte	0xf3
 693 0058 01       		.uleb128 0x1
 694 0059 50       		.byte	0x50
 695 005a 9F       		.byte	0x9f
 696 005b 00000000 		.4byte	0
 697 005f 00000000 		.4byte	0
 698              		.section	.debug_aranges,"",%progbits
 699 0000 5C000000 		.4byte	0x5c
 700 0004 0200     		.2byte	0x2
 701 0006 00000000 		.4byte	.Ldebug_info0
 702 000a 04       		.byte	0x4
 703 000b 00       		.byte	0
 704 000c 0000     		.2byte	0
 705 000e 0000     		.2byte	0
 706 0010 00000000 		.4byte	.LFB0
 707 0014 08000000 		.4byte	.LFE0-.LFB0
 708 0018 00000000 		.4byte	.LFB1
 709 001c 08000000 		.4byte	.LFE1-.LFB1
 710 0020 00000000 		.4byte	.LFB2
 711 0024 08000000 		.4byte	.LFE2-.LFB2
 712 0028 00000000 		.4byte	.LFB3
 713 002c 08000000 		.4byte	.LFE3-.LFB3
 714 0030 00000000 		.4byte	.LFB4
 715 0034 08000000 		.4byte	.LFE4-.LFB4
 716 0038 00000000 		.4byte	.LFB5
 717 003c 08000000 		.4byte	.LFE5-.LFB5
 718 0040 00000000 		.4byte	.LFB6
 719 0044 08000000 		.4byte	.LFE6-.LFB6
 720 0048 00000000 		.4byte	.LFB7
 721 004c 08000000 		.4byte	.LFE7-.LFB7
 722 0050 00000000 		.4byte	.LFB8
 723 0054 08000000 		.4byte	.LFE8-.LFB8
 724 0058 00000000 		.4byte	0
 725 005c 00000000 		.4byte	0
 726              		.section	.debug_ranges,"",%progbits
 727              	.Ldebug_ranges0:
 728 0000 00000000 		.4byte	.LFB0
 729 0004 08000000 		.4byte	.LFE0
 730 0008 00000000 		.4byte	.LFB1
 731 000c 08000000 		.4byte	.LFE1
 732 0010 00000000 		.4byte	.LFB2
 733 0014 08000000 		.4byte	.LFE2
 734 0018 00000000 		.4byte	.LFB3
 735 001c 08000000 		.4byte	.LFE3
 736 0020 00000000 		.4byte	.LFB4
ARM GAS  C:\Users\jorti\AppData\Local\Temp\ccgXtLtQ.s 			page 15


 737 0024 08000000 		.4byte	.LFE4
 738 0028 00000000 		.4byte	.LFB5
 739 002c 08000000 		.4byte	.LFE5
 740 0030 00000000 		.4byte	.LFB6
 741 0034 08000000 		.4byte	.LFE6
 742 0038 00000000 		.4byte	.LFB7
 743 003c 08000000 		.4byte	.LFE7
 744 0040 00000000 		.4byte	.LFB8
 745 0044 08000000 		.4byte	.LFE8
 746 0048 00000000 		.4byte	0
 747 004c 00000000 		.4byte	0
 748              		.section	.debug_line,"",%progbits
 749              	.Ldebug_line0:
 750 0000 02010000 		.section	.debug_str,"MS",%progbits,1
 750      02006700 
 750      00000201 
 750      FB0E0D00 
 750      01010101 
 751              	.LASF35:
 752 0000 6273705F 		.ascii	"bsp_spi.c\000"
 752      7370692E 
 752      6300
 753              	.LASF31:
 754 000a 5350494D 		.ascii	"SPIM_1_GetTxBufferSize\000"
 754      5F315F47 
 754      65745478 
 754      42756666 
 754      65725369 
 755              	.LASF25:
 756 0021 5350494D 		.ascii	"SPIM_1_Start\000"
 756      5F315F53 
 756      74617274 
 756      00
 757              	.LASF16:
 758 002e 7370695F 		.ascii	"spi_set_rx_int_mode\000"
 758      7365745F 
 758      72785F69 
 758      6E745F6D 
 758      6F646500 
 759              	.LASF3:
 760 0042 73686F72 		.ascii	"short unsigned int\000"
 760      7420756E 
 760      7369676E 
 760      65642069 
 760      6E7400
 761              	.LASF19:
 762 0055 62797465 		.ascii	"byte\000"
 762      00
 763              	.LASF30:
 764 005a 5350494D 		.ascii	"SPIM_1_GetRxBufferSize\000"
 764      5F315F47 
 764      65745278 
 764      42756666 
 764      65725369 
 765              	.LASF26:
 766 0071 5350494D 		.ascii	"SPIM_1_SetTxInterruptMode\000"
 766      5F315F53 
ARM GAS  C:\Users\jorti\AppData\Local\Temp\ccgXtLtQ.s 			page 16


 766      65745478 
 766      496E7465 
 766      72727570 
 767              	.LASF33:
 768 008b 5350494D 		.ascii	"SPIM_1_ReadTxStatus\000"
 768      5F315F52 
 768      65616454 
 768      78537461 
 768      74757300 
 769              	.LASF27:
 770 009f 5350494D 		.ascii	"SPIM_1_SetRxInterruptMode\000"
 770      5F315F53 
 770      65745278 
 770      496E7465 
 770      72727570 
 771              	.LASF18:
 772 00b9 7370695F 		.ascii	"spi_send_byte\000"
 772      73656E64 
 772      5F627974 
 772      6500
 773              	.LASF8:
 774 00c7 666C6F61 		.ascii	"float\000"
 774      7400
 775              	.LASF1:
 776 00cd 756E7369 		.ascii	"unsigned char\000"
 776      676E6564 
 776      20636861 
 776      7200
 777              	.LASF24:
 778 00db 7370695F 		.ascii	"spi_get_tx_status\000"
 778      6765745F 
 778      74785F73 
 778      74617475 
 778      7300
 779              	.LASF11:
 780 00ed 6C6F6E67 		.ascii	"long unsigned int\000"
 780      20756E73 
 780      69676E65 
 780      6420696E 
 780      7400
 781              	.LASF37:
 782 00ff 4350555F 		.ascii	"CPU_INT08U\000"
 782      494E5430 
 782      385500
 783              	.LASF23:
 784 010a 7370695F 		.ascii	"spi_get_rx_status\000"
 784      6765745F 
 784      72785F73 
 784      74617475 
 784      7300
 785              	.LASF15:
 786 011c 7370695F 		.ascii	"spi_set_tx_int_mode\000"
 786      7365745F 
 786      74785F69 
 786      6E745F6D 
 786      6F646500 
 787              	.LASF17:
ARM GAS  C:\Users\jorti\AppData\Local\Temp\ccgXtLtQ.s 			page 17


 788 0130 696E745F 		.ascii	"int_src\000"
 788      73726300 
 789              	.LASF9:
 790 0138 646F7562 		.ascii	"double\000"
 790      6C6500
 791              	.LASF5:
 792 013f 756E7369 		.ascii	"unsigned int\000"
 792      676E6564 
 792      20696E74 
 792      00
 793              	.LASF32:
 794 014c 5350494D 		.ascii	"SPIM_1_ReadRxStatus\000"
 794      5F315F52 
 794      65616452 
 794      78537461 
 794      74757300 
 795              	.LASF6:
 796 0160 6C6F6E67 		.ascii	"long long unsigned int\000"
 796      206C6F6E 
 796      6720756E 
 796      7369676E 
 796      65642069 
 797              	.LASF34:
 798 0177 474E5520 		.ascii	"GNU C11 5.4.1 20160609 (release) [ARM/embedded-5-br"
 798      43313120 
 798      352E342E 
 798      31203230 
 798      31363036 
 799 01aa 616E6368 		.ascii	"anch revision 237715] -mcpu=cortex-m3 -mthumb -g -O"
 799      20726576 
 799      6973696F 
 799      6E203233 
 799      37373135 
 800 01dd 67202D66 		.ascii	"g -ffunction-sections -ffat-lto-objects\000"
 800      66756E63 
 800      74696F6E 
 800      2D736563 
 800      74696F6E 
 801              	.LASF13:
 802 0205 73697A65 		.ascii	"sizetype\000"
 802      74797065 
 802      00
 803              	.LASF21:
 804 020e 7370695F 		.ascii	"spi_get_rx_buffer_size\000"
 804      6765745F 
 804      72785F62 
 804      75666665 
 804      725F7369 
 805              	.LASF7:
 806 0225 6C6F6E67 		.ascii	"long long int\000"
 806      206C6F6E 
 806      6720696E 
 806      7400
 807              	.LASF0:
 808 0233 63686172 		.ascii	"char\000"
 808      00
 809              	.LASF14:
ARM GAS  C:\Users\jorti\AppData\Local\Temp\ccgXtLtQ.s 			page 18


 810 0238 696E6974 		.ascii	"init_spi\000"
 810      5F737069 
 810      00
 811              	.LASF28:
 812 0241 5350494D 		.ascii	"SPIM_1_ReadRxData\000"
 812      5F315F52 
 812      65616452 
 812      78446174 
 812      6100
 813              	.LASF4:
 814 0253 73686F72 		.ascii	"short int\000"
 814      7420696E 
 814      7400
 815              	.LASF36:
 816 025d 433A5C55 		.ascii	"C:\\Users\\jorti\\Documents\\FH_Technikum\\MES1\\Sy"
 816      73657273 
 816      5C6A6F72 
 816      74695C44 
 816      6F63756D 
 817 028a 7374656D 		.ascii	"stem_Software_1\\cypress_bldc_motor\\esw_rtos_cykit"
 817      5F536F66 
 817      74776172 
 817      655F315C 
 817      63797072 
 818 02bb 5C657377 		.ascii	"\\esw_uCOS3_cykit.cydsn\000"
 818      5F75434F 
 818      53335F63 
 818      796B6974 
 818      2E637964 
 819              	.LASF10:
 820 02d2 6C6F6E67 		.ascii	"long int\000"
 820      20696E74 
 820      00
 821              	.LASF12:
 822 02db 6C6F6E67 		.ascii	"long double\000"
 822      20646F75 
 822      626C6500 
 823              	.LASF2:
 824 02e7 7369676E 		.ascii	"signed char\000"
 824      65642063 
 824      68617200 
 825              	.LASF29:
 826 02f3 5350494D 		.ascii	"SPIM_1_WriteTxData\000"
 826      5F315F57 
 826      72697465 
 826      54784461 
 826      746100
 827              	.LASF22:
 828 0306 7370695F 		.ascii	"spi_get_tx_buffer_size\000"
 828      6765745F 
 828      74785F62 
 828      75666665 
 828      725F7369 
 829              	.LASF20:
 830 031d 7370695F 		.ascii	"spi_get_byte\000"
 830      6765745F 
 830      62797465 
ARM GAS  C:\Users\jorti\AppData\Local\Temp\ccgXtLtQ.s 			page 19


 830      00
 831              		.ident	"GCC: (GNU Tools for ARM Embedded Processors) 5.4.1 20160609 (release) [ARM/embedded-5-bran
