ARM GAS  C:\Users\jorti\AppData\Local\Temp\cckvUOlc.s 			page 1


   1              		.syntax unified
   2              		.cpu cortex-m3
   3              		.fpu softvfp
   4              		.eabi_attribute 20, 1
   5              		.eabi_attribute 21, 1
   6              		.eabi_attribute 23, 3
   7              		.eabi_attribute 24, 1
   8              		.eabi_attribute 25, 1
   9              		.eabi_attribute 26, 1
  10              		.eabi_attribute 30, 1
  11              		.eabi_attribute 34, 1
  12              		.eabi_attribute 18, 4
  13              		.thumb
  14              		.syntax unified
  15              		.file	"lib_math.c"
  16              		.text
  17              	.Ltext0:
  18              		.cfi_sections	.debug_frame
  19              		.section	.text.Math_RandSetSeed,"ax",%progbits
  20              		.align	2
  21              		.global	Math_RandSetSeed
  22              		.thumb
  23              		.thumb_func
  24              		.type	Math_RandSetSeed, %function
  25              	Math_RandSetSeed:
  26              	.LFB2:
  27              		.file 1 "uC-LIB\\lib_math.c"
   1:uC-LIB/lib_math.c **** /*
   2:uC-LIB/lib_math.c **** ***************************************************************************************************
   3:uC-LIB/lib_math.c **** *                                                uC/LIB
   4:uC-LIB/lib_math.c **** *                                        CUSTOM LIBRARY MODULES
   5:uC-LIB/lib_math.c **** *
   6:uC-LIB/lib_math.c **** *                          (c) Copyright 2004-2012; Micrium, Inc.; Weston, FL
   7:uC-LIB/lib_math.c **** *
   8:uC-LIB/lib_math.c **** *               All rights reserved.  Protected by international copyright laws.
   9:uC-LIB/lib_math.c **** *
  10:uC-LIB/lib_math.c **** *               uC/LIB is provided in source form to registered licensees ONLY.  It is 
  11:uC-LIB/lib_math.c **** *               illegal to distribute this source code to any third party unless you receive 
  12:uC-LIB/lib_math.c **** *               written permission by an authorized Micrium representative.  Knowledge of 
  13:uC-LIB/lib_math.c **** *               the source code may NOT be used to develop a similar product.
  14:uC-LIB/lib_math.c **** *
  15:uC-LIB/lib_math.c **** *               Please help us continue to provide the Embedded community with the finest 
  16:uC-LIB/lib_math.c **** *               software available.  Your honesty is greatly appreciated.
  17:uC-LIB/lib_math.c **** *
  18:uC-LIB/lib_math.c **** *               You can contact us at www.micrium.com.
  19:uC-LIB/lib_math.c **** ***************************************************************************************************
  20:uC-LIB/lib_math.c **** */
  21:uC-LIB/lib_math.c **** 
  22:uC-LIB/lib_math.c **** /*
  23:uC-LIB/lib_math.c **** ***************************************************************************************************
  24:uC-LIB/lib_math.c **** *
  25:uC-LIB/lib_math.c **** *                                        MATHEMATIC OPERATIONS
  26:uC-LIB/lib_math.c **** *
  27:uC-LIB/lib_math.c **** * Filename      : lib_math.c
  28:uC-LIB/lib_math.c **** * Version       : V1.37.00
  29:uC-LIB/lib_math.c **** * Programmer(s) : SR
  30:uC-LIB/lib_math.c **** *                 ITJ
ARM GAS  C:\Users\jorti\AppData\Local\Temp\cckvUOlc.s 			page 2


  31:uC-LIB/lib_math.c **** ***************************************************************************************************
  32:uC-LIB/lib_math.c **** * Note(s)       : (1) NO compiler-supplied standard library functions are used in library or produc
  33:uC-LIB/lib_math.c **** *
  34:uC-LIB/lib_math.c **** *                     (a) ALL standard library functions are implemented in the custom library modu
  35:uC-LIB/lib_math.c **** *
  36:uC-LIB/lib_math.c **** *                         (1) \<Custom Library Directory>\lib_*.*
  37:uC-LIB/lib_math.c **** *
  38:uC-LIB/lib_math.c **** *                         (2) \<Custom Library Directory>\Ports\<cpu>\<compiler>\lib*_a.*
  39:uC-LIB/lib_math.c **** *
  40:uC-LIB/lib_math.c **** *                               where
  41:uC-LIB/lib_math.c **** *                                       <Custom Library Directory>      directory path for custom l
  42:uC-LIB/lib_math.c **** *                                       <cpu>                           directory name for specific
  43:uC-LIB/lib_math.c **** *                                       <compiler>                      directory name for specific
  44:uC-LIB/lib_math.c **** *
  45:uC-LIB/lib_math.c **** *                     (b) Product-specific library functions are implemented in individual products
  46:uC-LIB/lib_math.c **** *
  47:uC-LIB/lib_math.c **** ***************************************************************************************************
  48:uC-LIB/lib_math.c **** * Notice(s)     : (1) The Institute of Electrical and Electronics Engineers and The Open Group, hav
  49:uC-LIB/lib_math.c **** *                     us permission to reprint portions of their documentation.  Portions of this t
  50:uC-LIB/lib_math.c **** *                     reprinted and reproduced in electronic form from the IEEE Std 1003.1, 2004 Ed
  51:uC-LIB/lib_math.c **** *                     Standard for Information Technology -- Portable Operating System Interface (P
  52:uC-LIB/lib_math.c **** *                     The Open Group Base Specifications Issue 6, Copyright (C) 2001-2004 by the In
  53:uC-LIB/lib_math.c **** *                     of Electrical and Electronics Engineers, Inc and The Open Group.  In the even
  54:uC-LIB/lib_math.c **** *                     discrepancy between these versions and the original IEEE and The Open Group S
  55:uC-LIB/lib_math.c **** *                     the original IEEE and The Open Group Standard is the referee document.  The o
  56:uC-LIB/lib_math.c **** *                     Standard can be obtained online at http://www.opengroup.org/unix/online.html.
  57:uC-LIB/lib_math.c **** ***************************************************************************************************
  58:uC-LIB/lib_math.c **** */
  59:uC-LIB/lib_math.c **** 
  60:uC-LIB/lib_math.c **** 
  61:uC-LIB/lib_math.c **** /*
  62:uC-LIB/lib_math.c **** ***************************************************************************************************
  63:uC-LIB/lib_math.c **** *                                            INCLUDE FILES
  64:uC-LIB/lib_math.c **** ***************************************************************************************************
  65:uC-LIB/lib_math.c **** */
  66:uC-LIB/lib_math.c **** 
  67:uC-LIB/lib_math.c **** #define    MICRIUM_SOURCE
  68:uC-LIB/lib_math.c **** #define    LIB_MATH_MODULE
  69:uC-LIB/lib_math.c **** #include  <lib_math.h>
  70:uC-LIB/lib_math.c **** 
  71:uC-LIB/lib_math.c **** 
  72:uC-LIB/lib_math.c **** /*$PAGE*/
  73:uC-LIB/lib_math.c **** /*
  74:uC-LIB/lib_math.c **** ***************************************************************************************************
  75:uC-LIB/lib_math.c **** *                                            LOCAL DEFINES
  76:uC-LIB/lib_math.c **** ***************************************************************************************************
  77:uC-LIB/lib_math.c **** */
  78:uC-LIB/lib_math.c **** 
  79:uC-LIB/lib_math.c **** 
  80:uC-LIB/lib_math.c **** /*
  81:uC-LIB/lib_math.c **** ***************************************************************************************************
  82:uC-LIB/lib_math.c **** *                                           LOCAL CONSTANTS
  83:uC-LIB/lib_math.c **** ***************************************************************************************************
  84:uC-LIB/lib_math.c **** */
  85:uC-LIB/lib_math.c **** 
  86:uC-LIB/lib_math.c **** 
  87:uC-LIB/lib_math.c **** /*
ARM GAS  C:\Users\jorti\AppData\Local\Temp\cckvUOlc.s 			page 3


  88:uC-LIB/lib_math.c **** ***************************************************************************************************
  89:uC-LIB/lib_math.c **** *                                          LOCAL DATA TYPES
  90:uC-LIB/lib_math.c **** ***************************************************************************************************
  91:uC-LIB/lib_math.c **** */
  92:uC-LIB/lib_math.c **** 
  93:uC-LIB/lib_math.c **** 
  94:uC-LIB/lib_math.c **** /*
  95:uC-LIB/lib_math.c **** ***************************************************************************************************
  96:uC-LIB/lib_math.c **** *                                            LOCAL TABLES
  97:uC-LIB/lib_math.c **** ***************************************************************************************************
  98:uC-LIB/lib_math.c **** */
  99:uC-LIB/lib_math.c **** 
 100:uC-LIB/lib_math.c **** 
 101:uC-LIB/lib_math.c **** /*
 102:uC-LIB/lib_math.c **** ***************************************************************************************************
 103:uC-LIB/lib_math.c **** *                                       LOCAL GLOBAL VARIABLES
 104:uC-LIB/lib_math.c **** ***************************************************************************************************
 105:uC-LIB/lib_math.c **** */
 106:uC-LIB/lib_math.c **** 
 107:uC-LIB/lib_math.c **** RAND_NBR  Math_RandSeedCur;                                     /* Cur rand nbr seed.              
 108:uC-LIB/lib_math.c **** 
 109:uC-LIB/lib_math.c **** 
 110:uC-LIB/lib_math.c **** /*
 111:uC-LIB/lib_math.c **** ***************************************************************************************************
 112:uC-LIB/lib_math.c **** *                                      LOCAL FUNCTION PROTOTYPES
 113:uC-LIB/lib_math.c **** ***************************************************************************************************
 114:uC-LIB/lib_math.c **** */
 115:uC-LIB/lib_math.c **** 
 116:uC-LIB/lib_math.c **** 
 117:uC-LIB/lib_math.c **** /*
 118:uC-LIB/lib_math.c **** ***************************************************************************************************
 119:uC-LIB/lib_math.c **** *                                     LOCAL CONFIGURATION ERRORS
 120:uC-LIB/lib_math.c **** ***************************************************************************************************
 121:uC-LIB/lib_math.c **** */
 122:uC-LIB/lib_math.c **** 
 123:uC-LIB/lib_math.c **** 
 124:uC-LIB/lib_math.c **** /*$PAGE*/
 125:uC-LIB/lib_math.c **** /*
 126:uC-LIB/lib_math.c **** ***************************************************************************************************
 127:uC-LIB/lib_math.c **** *                                             Math_Init()
 128:uC-LIB/lib_math.c **** *
 129:uC-LIB/lib_math.c **** * Description : (1) Initialize Mathematic Module :
 130:uC-LIB/lib_math.c **** *
 131:uC-LIB/lib_math.c **** *                   (a) Initialize random number seed value
 132:uC-LIB/lib_math.c **** *
 133:uC-LIB/lib_math.c **** *
 134:uC-LIB/lib_math.c **** * Argument(s) : none.
 135:uC-LIB/lib_math.c **** *
 136:uC-LIB/lib_math.c **** * Return(s)   : none.
 137:uC-LIB/lib_math.c **** *
 138:uC-LIB/lib_math.c **** * Caller(s)   : Application.
 139:uC-LIB/lib_math.c **** *
 140:uC-LIB/lib_math.c **** * Note(s)     : (2) IEEE Std 1003.1, 2004 Edition, Section 'rand() : DESCRIPTION' states that "if r
 141:uC-LIB/lib_math.c **** *                   is called before any calls to srand() are made, the same sequence shall be gene
 142:uC-LIB/lib_math.c **** *                   as when srand() is first called with a seed value of 1".
 143:uC-LIB/lib_math.c **** ***************************************************************************************************
 144:uC-LIB/lib_math.c **** */
ARM GAS  C:\Users\jorti\AppData\Local\Temp\cckvUOlc.s 			page 4


 145:uC-LIB/lib_math.c **** 
 146:uC-LIB/lib_math.c **** void  Math_Init (void)
 147:uC-LIB/lib_math.c **** {
 148:uC-LIB/lib_math.c ****     Math_RandSetSeed((RAND_NBR)RAND_SEED_INIT_VAL);             /* See Note #2.                    
 149:uC-LIB/lib_math.c **** }
 150:uC-LIB/lib_math.c **** 
 151:uC-LIB/lib_math.c **** 
 152:uC-LIB/lib_math.c **** /*$PAGE*/
 153:uC-LIB/lib_math.c **** /*
 154:uC-LIB/lib_math.c **** ***************************************************************************************************
 155:uC-LIB/lib_math.c **** *                                         Math_RandSetSeed()
 156:uC-LIB/lib_math.c **** *
 157:uC-LIB/lib_math.c **** * Description : Set the current pseudo-random number generator seed.
 158:uC-LIB/lib_math.c **** *
 159:uC-LIB/lib_math.c **** * Argument(s) : seed        Initial (or current) value to set for the pseudo-random number sequence
 160:uC-LIB/lib_math.c **** *
 161:uC-LIB/lib_math.c **** * Return(s)   : none.
 162:uC-LIB/lib_math.c **** *
 163:uC-LIB/lib_math.c **** * Caller(s)   : Application.
 164:uC-LIB/lib_math.c **** *
 165:uC-LIB/lib_math.c **** * Note(s)     : (1) IEEE Std 1003.1, 2004 Edition, Section 'rand() : DESCRIPTION' states that "sran
 166:uC-LIB/lib_math.c **** *                   ... uses the argument as a seed for a new sequence of pseudo-random numbers to 
 167:uC-LIB/lib_math.c **** *                   returned by subsequent calls to rand()".
 168:uC-LIB/lib_math.c **** *
 169:uC-LIB/lib_math.c **** *               (2) 'Math_RandSeedCur' MUST always be accessed exclusively in critical sections.
 170:uC-LIB/lib_math.c **** *
 171:uC-LIB/lib_math.c **** *                   See also 'Math_Rand()  Note #1b'.
 172:uC-LIB/lib_math.c **** ***************************************************************************************************
 173:uC-LIB/lib_math.c **** */
 174:uC-LIB/lib_math.c **** 
 175:uC-LIB/lib_math.c **** void  Math_RandSetSeed (RAND_NBR  seed)
 176:uC-LIB/lib_math.c **** {
  28              		.loc 1 176 0
  29              		.cfi_startproc
  30              		@ args = 0, pretend = 0, frame = 0
  31              		@ frame_needed = 0, uses_anonymous_args = 0
  32              	.LVL0:
  33 0000 10B5     		push	{r4, lr}
  34              		.cfi_def_cfa_offset 8
  35              		.cfi_offset 4, -8
  36              		.cfi_offset 14, -4
  37 0002 0446     		mov	r4, r0
  38              	.LVL1:
 177:uC-LIB/lib_math.c ****     CPU_SR_ALLOC();
 178:uC-LIB/lib_math.c **** 
 179:uC-LIB/lib_math.c **** 
 180:uC-LIB/lib_math.c ****     CPU_CRITICAL_ENTER();
  39              		.loc 1 180 0
  40 0004 FFF7FEFF 		bl	CPU_SR_Save
  41              	.LVL2:
 181:uC-LIB/lib_math.c ****     Math_RandSeedCur = seed;
  42              		.loc 1 181 0
  43 0008 024B     		ldr	r3, .L3
  44 000a 1C60     		str	r4, [r3]
 182:uC-LIB/lib_math.c ****     CPU_CRITICAL_EXIT();
  45              		.loc 1 182 0
  46 000c FFF7FEFF 		bl	CPU_SR_Restore
ARM GAS  C:\Users\jorti\AppData\Local\Temp\cckvUOlc.s 			page 5


  47              	.LVL3:
  48 0010 10BD     		pop	{r4, pc}
  49              	.LVL4:
  50              	.L4:
  51 0012 00BF     		.align	2
  52              	.L3:
  53 0014 00000000 		.word	Math_RandSeedCur
  54              		.cfi_endproc
  55              	.LFE2:
  56              		.size	Math_RandSetSeed, .-Math_RandSetSeed
  57              		.section	.text.Math_Init,"ax",%progbits
  58              		.align	2
  59              		.global	Math_Init
  60              		.thumb
  61              		.thumb_func
  62              		.type	Math_Init, %function
  63              	Math_Init:
  64              	.LFB1:
 147:uC-LIB/lib_math.c ****     Math_RandSetSeed((RAND_NBR)RAND_SEED_INIT_VAL);             /* See Note #2.                    
  65              		.loc 1 147 0
  66              		.cfi_startproc
  67              		@ args = 0, pretend = 0, frame = 0
  68              		@ frame_needed = 0, uses_anonymous_args = 0
  69 0000 08B5     		push	{r3, lr}
  70              		.cfi_def_cfa_offset 8
  71              		.cfi_offset 3, -8
  72              		.cfi_offset 14, -4
 148:uC-LIB/lib_math.c **** }
  73              		.loc 1 148 0
  74 0002 0120     		movs	r0, #1
  75 0004 FFF7FEFF 		bl	Math_RandSetSeed
  76              	.LVL5:
  77 0008 08BD     		pop	{r3, pc}
  78              		.cfi_endproc
  79              	.LFE1:
  80              		.size	Math_Init, .-Math_Init
  81 000a 00BF     		.section	.text.Math_RandSeed,"ax",%progbits
  82              		.align	2
  83              		.global	Math_RandSeed
  84              		.thumb
  85              		.thumb_func
  86              		.type	Math_RandSeed, %function
  87              	Math_RandSeed:
  88              	.LFB4:
 183:uC-LIB/lib_math.c **** }
 184:uC-LIB/lib_math.c **** 
 185:uC-LIB/lib_math.c **** 
 186:uC-LIB/lib_math.c **** /*$PAGE*/
 187:uC-LIB/lib_math.c **** /*
 188:uC-LIB/lib_math.c **** ***************************************************************************************************
 189:uC-LIB/lib_math.c **** *                                             Math_Rand()
 190:uC-LIB/lib_math.c **** *
 191:uC-LIB/lib_math.c **** * Description : Calculate the next pseudo-random number.
 192:uC-LIB/lib_math.c **** *
 193:uC-LIB/lib_math.c **** * Argument(s) : none.
 194:uC-LIB/lib_math.c **** *
 195:uC-LIB/lib_math.c **** * Return(s)   : Next pseudo-random number in the sequence after 'Math_RandSeedCur'.
ARM GAS  C:\Users\jorti\AppData\Local\Temp\cckvUOlc.s 			page 6


 196:uC-LIB/lib_math.c **** *
 197:uC-LIB/lib_math.c **** * Caller(s)   : Application.
 198:uC-LIB/lib_math.c **** *
 199:uC-LIB/lib_math.c **** * Note(s)     : (1) (a) The pseudo-random number generator is implemented as a Linear Congruential 
 200:uC-LIB/lib_math.c **** *                       Generator (LCG).
 201:uC-LIB/lib_math.c **** *
 202:uC-LIB/lib_math.c **** *                   (b) The pseudo-random number generated is in the range [0, RAND_LCG_PARAM_M].
 203:uC-LIB/lib_math.c **** *
 204:uC-LIB/lib_math.c **** *                   See also 'Math_RandSeed()  Note #1'.
 205:uC-LIB/lib_math.c **** *
 206:uC-LIB/lib_math.c **** *               (2) (a) IEEE Std 1003.1, 2004 Edition, Section 'rand() : DESCRIPTION' states that "
 207:uC-LIB/lib_math.c **** *                       ... need not be reentrant ... [and] is not required to be thread-safe".
 208:uC-LIB/lib_math.c **** *
 209:uC-LIB/lib_math.c **** *                   (b) However, in order to implement Math_Rand() as re-entrant; 'Math_RandSeedCur
 210:uC-LIB/lib_math.c **** *                       always be accessed & updated exclusively in critical sections.
 211:uC-LIB/lib_math.c **** *
 212:uC-LIB/lib_math.c **** *                   See also 'Math_RandSeed()  Note #2'.
 213:uC-LIB/lib_math.c **** ***************************************************************************************************
 214:uC-LIB/lib_math.c **** */
 215:uC-LIB/lib_math.c **** 
 216:uC-LIB/lib_math.c **** RAND_NBR  Math_Rand (void)
 217:uC-LIB/lib_math.c **** {
 218:uC-LIB/lib_math.c ****     RAND_NBR  seed;
 219:uC-LIB/lib_math.c ****     RAND_NBR  rand_nbr;
 220:uC-LIB/lib_math.c ****     CPU_SR_ALLOC();
 221:uC-LIB/lib_math.c **** 
 222:uC-LIB/lib_math.c **** 
 223:uC-LIB/lib_math.c ****     CPU_CRITICAL_ENTER();
 224:uC-LIB/lib_math.c ****     seed             = Math_RandSeedCur;
 225:uC-LIB/lib_math.c ****     rand_nbr         = Math_RandSeed(seed);
 226:uC-LIB/lib_math.c ****     Math_RandSeedCur = rand_nbr;
 227:uC-LIB/lib_math.c ****     CPU_CRITICAL_EXIT();
 228:uC-LIB/lib_math.c **** 
 229:uC-LIB/lib_math.c ****     return (rand_nbr);
 230:uC-LIB/lib_math.c **** }
 231:uC-LIB/lib_math.c **** 
 232:uC-LIB/lib_math.c **** 
 233:uC-LIB/lib_math.c **** /*$PAGE*/
 234:uC-LIB/lib_math.c **** /*
 235:uC-LIB/lib_math.c **** ***************************************************************************************************
 236:uC-LIB/lib_math.c **** *                                           Math_RandSeed()
 237:uC-LIB/lib_math.c **** *
 238:uC-LIB/lib_math.c **** * Description : Calculate the next pseudo-random number.
 239:uC-LIB/lib_math.c **** *
 240:uC-LIB/lib_math.c **** * Argument(s) : seed        Initial (or current) value for the pseudo-random number sequence.
 241:uC-LIB/lib_math.c **** *
 242:uC-LIB/lib_math.c **** * Return(s)   : Next pseudo-random number in the sequence after 'seed'.
 243:uC-LIB/lib_math.c **** *
 244:uC-LIB/lib_math.c **** * Caller(s)   : Math_Rand(),
 245:uC-LIB/lib_math.c **** *               Application.
 246:uC-LIB/lib_math.c **** *
 247:uC-LIB/lib_math.c **** * Note(s)     : (1) (a) BSD/ANSI-C implements rand() as a Linear Congruential Generator (LCG) :
 248:uC-LIB/lib_math.c **** *
 249:uC-LIB/lib_math.c **** *                       (A) random_number       =  [(a * random_number ) + b]  modulo m
 250:uC-LIB/lib_math.c **** *                                        n + 1                        n
 251:uC-LIB/lib_math.c **** *
 252:uC-LIB/lib_math.c **** *                               where
ARM GAS  C:\Users\jorti\AppData\Local\Temp\cckvUOlc.s 			page 7


 253:uC-LIB/lib_math.c **** *                                       (1) (a) random_number           Next     random number to g
 254:uC-LIB/lib_math.c **** *                                                            n+1
 255:uC-LIB/lib_math.c **** *                                           (b) random_number           Previous random number    g
 256:uC-LIB/lib_math.c **** *                                                            n
 257:uC-LIB/lib_math.c **** *
 258:uC-LIB/lib_math.c **** *                                       (2) a = RAND_LCG_PARAM_A        LCG multiplier
 259:uC-LIB/lib_math.c **** *                                       (3) b = RAND_LCG_PARAM_B        LCG incrementor
 260:uC-LIB/lib_math.c **** *                                       (4) m = RAND_LCG_PARAM_M + 1    LCG modulus
 261:uC-LIB/lib_math.c **** *
 262:uC-LIB/lib_math.c **** *                   (b) The pseudo-random number generated is in the range [0, RAND_LCG_PARAM_M].
 263:uC-LIB/lib_math.c **** *
 264:uC-LIB/lib_math.c ****                     See also 'lib_math.h  RANDOM NUMBER DEFINES  Note #1b'.
 265:uC-LIB/lib_math.c **** *
 266:uC-LIB/lib_math.c **** *               (2) (a) IEEE Std 1003.1, 2004 Edition, Section 'rand() : DESCRIPTION' states that "
 267:uC-LIB/lib_math.c **** *                       ... need not be reentrant ... [and] is not required to be thread-safe".
 268:uC-LIB/lib_math.c **** *
 269:uC-LIB/lib_math.c **** *                   (b) However, Math_RandSeed() is re-entrant since it calculates the next random 
 270:uC-LIB/lib_math.c **** *                       using ONLY local variables.
 271:uC-LIB/lib_math.c **** ***************************************************************************************************
 272:uC-LIB/lib_math.c **** */
 273:uC-LIB/lib_math.c **** 
 274:uC-LIB/lib_math.c **** RAND_NBR  Math_RandSeed (RAND_NBR  seed)
 275:uC-LIB/lib_math.c **** {
  89              		.loc 1 275 0
  90              		.cfi_startproc
  91              		@ args = 0, pretend = 0, frame = 0
  92              		@ frame_needed = 0, uses_anonymous_args = 0
  93              		@ link register save eliminated.
  94              	.LVL6:
 276:uC-LIB/lib_math.c ****     RAND_NBR  rand_nbr;
 277:uC-LIB/lib_math.c **** 
 278:uC-LIB/lib_math.c **** 
 279:uC-LIB/lib_math.c ****     rand_nbr = (((RAND_NBR)RAND_LCG_PARAM_A * seed) + (RAND_NBR)RAND_LCG_PARAM_B)  %  ((RAND_NBR)RA
  95              		.loc 1 279 0
  96 0000 43F23902 		movw	r2, #12345
  97 0004 024B     		ldr	r3, .L8
  98 0006 03FB0020 		mla	r0, r3, r0, r2
  99              	.LVL7:
 280:uC-LIB/lib_math.c **** 
 281:uC-LIB/lib_math.c ****     return (rand_nbr);
 282:uC-LIB/lib_math.c **** }
 100              		.loc 1 282 0
 101 000a 20F00040 		bic	r0, r0, #-2147483648
 102              	.LVL8:
 103 000e 7047     		bx	lr
 104              	.L9:
 105              		.align	2
 106              	.L8:
 107 0010 6D4EC641 		.word	1103515245
 108              		.cfi_endproc
 109              	.LFE4:
 110              		.size	Math_RandSeed, .-Math_RandSeed
 111              		.section	.text.Math_Rand,"ax",%progbits
 112              		.align	2
 113              		.global	Math_Rand
 114              		.thumb
 115              		.thumb_func
ARM GAS  C:\Users\jorti\AppData\Local\Temp\cckvUOlc.s 			page 8


 116              		.type	Math_Rand, %function
 117              	Math_Rand:
 118              	.LFB3:
 217:uC-LIB/lib_math.c ****     RAND_NBR  seed;
 119              		.loc 1 217 0
 120              		.cfi_startproc
 121              		@ args = 0, pretend = 0, frame = 0
 122              		@ frame_needed = 0, uses_anonymous_args = 0
 123 0000 70B5     		push	{r4, r5, r6, lr}
 124              		.cfi_def_cfa_offset 16
 125              		.cfi_offset 4, -16
 126              		.cfi_offset 5, -12
 127              		.cfi_offset 6, -8
 128              		.cfi_offset 14, -4
 129              	.LVL9:
 223:uC-LIB/lib_math.c ****     seed             = Math_RandSeedCur;
 130              		.loc 1 223 0
 131 0002 FFF7FEFF 		bl	CPU_SR_Save
 132              	.LVL10:
 133 0006 0646     		mov	r6, r0
 134              	.LVL11:
 224:uC-LIB/lib_math.c ****     rand_nbr         = Math_RandSeed(seed);
 135              		.loc 1 224 0
 136 0008 054D     		ldr	r5, .L12
 137              	.LVL12:
 225:uC-LIB/lib_math.c ****     Math_RandSeedCur = rand_nbr;
 138              		.loc 1 225 0
 139 000a 2868     		ldr	r0, [r5]
 140              	.LVL13:
 141 000c FFF7FEFF 		bl	Math_RandSeed
 142              	.LVL14:
 143 0010 0446     		mov	r4, r0
 144              	.LVL15:
 226:uC-LIB/lib_math.c ****     CPU_CRITICAL_EXIT();
 145              		.loc 1 226 0
 146 0012 2860     		str	r0, [r5]
 227:uC-LIB/lib_math.c **** 
 147              		.loc 1 227 0
 148 0014 3046     		mov	r0, r6
 149              	.LVL16:
 150 0016 FFF7FEFF 		bl	CPU_SR_Restore
 151              	.LVL17:
 230:uC-LIB/lib_math.c **** 
 152              		.loc 1 230 0
 153 001a 2046     		mov	r0, r4
 154 001c 70BD     		pop	{r4, r5, r6, pc}
 155              	.LVL18:
 156              	.L13:
 157 001e 00BF     		.align	2
 158              	.L12:
 159 0020 00000000 		.word	Math_RandSeedCur
 160              		.cfi_endproc
 161              	.LFE3:
 162              		.size	Math_Rand, .-Math_Rand
 163              		.comm	Math_RandSeedCur,4,4
 164              		.text
 165              	.Letext0:
ARM GAS  C:\Users\jorti\AppData\Local\Temp\cckvUOlc.s 			page 9


 166              		.file 2 ".\\uC-CPU\\ARM-Cortex-M3\\GNU/cpu.h"
 167              		.file 3 ".\\uC-LIB/lib_math.h"
 168              		.section	.debug_info,"",%progbits
 169              	.Ldebug_info0:
 170 0000 E5010000 		.4byte	0x1e5
 171 0004 0400     		.2byte	0x4
 172 0006 00000000 		.4byte	.Ldebug_abbrev0
 173 000a 04       		.byte	0x4
 174 000b 01       		.uleb128 0x1
 175 000c 79000000 		.4byte	.LASF26
 176 0010 0C       		.byte	0xc
 177 0011 00000000 		.4byte	.LASF27
 178 0015 AA010000 		.4byte	.LASF28
 179 0019 00000000 		.4byte	.Ldebug_ranges0+0
 180 001d 00000000 		.4byte	0
 181 0021 00000000 		.4byte	.Ldebug_line0
 182 0025 02       		.uleb128 0x2
 183 0026 01       		.byte	0x1
 184 0027 08       		.byte	0x8
 185 0028 A5010000 		.4byte	.LASF0
 186 002c 02       		.uleb128 0x2
 187 002d 01       		.byte	0x1
 188 002e 08       		.byte	0x8
 189 002f 6B000000 		.4byte	.LASF1
 190 0033 02       		.uleb128 0x2
 191 0034 01       		.byte	0x1
 192 0035 06       		.byte	0x6
 193 0036 43020000 		.4byte	.LASF2
 194 003a 02       		.uleb128 0x2
 195 003b 02       		.byte	0x2
 196 003c 07       		.byte	0x7
 197 003d 19010000 		.4byte	.LASF3
 198 0041 02       		.uleb128 0x2
 199 0042 02       		.byte	0x2
 200 0043 05       		.byte	0x5
 201 0044 1F020000 		.4byte	.LASF4
 202 0048 03       		.uleb128 0x3
 203 0049 39000000 		.4byte	.LASF10
 204 004d 02       		.byte	0x2
 205 004e 7C       		.byte	0x7c
 206 004f 53000000 		.4byte	0x53
 207 0053 02       		.uleb128 0x2
 208 0054 04       		.byte	0x4
 209 0055 07       		.byte	0x7
 210 0056 61010000 		.4byte	.LASF5
 211 005a 04       		.uleb128 0x4
 212 005b 04       		.byte	0x4
 213 005c 05       		.byte	0x5
 214 005d 696E7400 		.ascii	"int\000"
 215 0061 02       		.uleb128 0x2
 216 0062 08       		.byte	0x8
 217 0063 07       		.byte	0x7
 218 0064 6E010000 		.4byte	.LASF6
 219 0068 02       		.uleb128 0x2
 220 0069 08       		.byte	0x8
 221 006a 05       		.byte	0x5
 222 006b 8E010000 		.4byte	.LASF7
ARM GAS  C:\Users\jorti\AppData\Local\Temp\cckvUOlc.s 			page 10


 223 006f 02       		.uleb128 0x2
 224 0070 04       		.byte	0x4
 225 0071 04       		.byte	0x4
 226 0072 5E000000 		.4byte	.LASF8
 227 0076 02       		.uleb128 0x2
 228 0077 08       		.byte	0x8
 229 0078 04       		.byte	0x4
 230 0079 36010000 		.4byte	.LASF9
 231 007d 05       		.uleb128 0x5
 232 007e 64000000 		.4byte	.LASF11
 233 0082 02       		.byte	0x2
 234 0083 2901     		.2byte	0x129
 235 0085 48000000 		.4byte	0x48
 236 0089 02       		.uleb128 0x2
 237 008a 04       		.byte	0x4
 238 008b 05       		.byte	0x5
 239 008c 2E020000 		.4byte	.LASF12
 240 0090 02       		.uleb128 0x2
 241 0091 04       		.byte	0x4
 242 0092 07       		.byte	0x7
 243 0093 07010000 		.4byte	.LASF13
 244 0097 02       		.uleb128 0x2
 245 0098 08       		.byte	0x8
 246 0099 04       		.byte	0x4
 247 009a 37020000 		.4byte	.LASF14
 248 009e 02       		.uleb128 0x2
 249 009f 04       		.byte	0x4
 250 00a0 07       		.byte	0x7
 251 00a1 85010000 		.4byte	.LASF15
 252 00a5 03       		.uleb128 0x3
 253 00a6 9C010000 		.4byte	.LASF16
 254 00aa 03       		.byte	0x3
 255 00ab BB       		.byte	0xbb
 256 00ac 48000000 		.4byte	0x48
 257 00b0 06       		.uleb128 0x6
 258 00b1 47010000 		.4byte	.LASF17
 259 00b5 01       		.byte	0x1
 260 00b6 AF       		.byte	0xaf
 261 00b7 00000000 		.4byte	.LFB2
 262 00bb 18000000 		.4byte	.LFE2-.LFB2
 263 00bf 01       		.uleb128 0x1
 264 00c0 9C       		.byte	0x9c
 265 00c1 F6000000 		.4byte	0xf6
 266 00c5 07       		.uleb128 0x7
 267 00c6 29020000 		.4byte	.LASF19
 268 00ca 01       		.byte	0x1
 269 00cb AF       		.byte	0xaf
 270 00cc A5000000 		.4byte	0xa5
 271 00d0 00000000 		.4byte	.LLST0
 272 00d4 08       		.uleb128 0x8
 273 00d5 21000000 		.4byte	.LASF20
 274 00d9 01       		.byte	0x1
 275 00da B1       		.byte	0xb1
 276 00db 7D000000 		.4byte	0x7d
 277 00df 2C000000 		.4byte	.LLST1
 278 00e3 09       		.uleb128 0x9
 279 00e4 08000000 		.4byte	.LVL2
ARM GAS  C:\Users\jorti\AppData\Local\Temp\cckvUOlc.s 			page 11


 280 00e8 D0010000 		.4byte	0x1d0
 281 00ec 09       		.uleb128 0x9
 282 00ed 10000000 		.4byte	.LVL3
 283 00f1 DC010000 		.4byte	0x1dc
 284 00f5 00       		.byte	0
 285 00f6 06       		.uleb128 0x6
 286 00f7 3D010000 		.4byte	.LASF18
 287 00fb 01       		.byte	0x1
 288 00fc 92       		.byte	0x92
 289 00fd 00000000 		.4byte	.LFB1
 290 0101 0A000000 		.4byte	.LFE1-.LFB1
 291 0105 01       		.uleb128 0x1
 292 0106 9C       		.byte	0x9c
 293 0107 1B010000 		.4byte	0x11b
 294 010b 0A       		.uleb128 0xa
 295 010c 08000000 		.4byte	.LVL5
 296 0110 B0000000 		.4byte	0xb0
 297 0114 0B       		.uleb128 0xb
 298 0115 01       		.uleb128 0x1
 299 0116 50       		.byte	0x50
 300 0117 01       		.uleb128 0x1
 301 0118 31       		.byte	0x31
 302 0119 00       		.byte	0
 303 011a 00       		.byte	0
 304 011b 0C       		.uleb128 0xc
 305 011c 50000000 		.4byte	.LASF22
 306 0120 01       		.byte	0x1
 307 0121 1201     		.2byte	0x112
 308 0123 A5000000 		.4byte	0xa5
 309 0127 00000000 		.4byte	.LFB4
 310 012b 14000000 		.4byte	.LFE4-.LFB4
 311 012f 01       		.uleb128 0x1
 312 0130 9C       		.byte	0x9c
 313 0131 56010000 		.4byte	0x156
 314 0135 0D       		.uleb128 0xd
 315 0136 29020000 		.4byte	.LASF19
 316 013a 01       		.byte	0x1
 317 013b 1201     		.2byte	0x112
 318 013d A5000000 		.4byte	0xa5
 319 0141 4B000000 		.4byte	.LLST2
 320 0145 0E       		.uleb128 0xe
 321 0146 58010000 		.4byte	.LASF21
 322 014a 01       		.byte	0x1
 323 014b 1401     		.2byte	0x114
 324 014d A5000000 		.4byte	0xa5
 325 0151 6C000000 		.4byte	.LLST3
 326 0155 00       		.byte	0
 327 0156 0F       		.uleb128 0xf
 328 0157 2C010000 		.4byte	.LASF23
 329 015b 01       		.byte	0x1
 330 015c D8       		.byte	0xd8
 331 015d A5000000 		.4byte	0xa5
 332 0161 00000000 		.4byte	.LFB3
 333 0165 24000000 		.4byte	.LFE3-.LFB3
 334 0169 01       		.uleb128 0x1
 335 016a 9C       		.byte	0x9c
 336 016b BF010000 		.4byte	0x1bf
ARM GAS  C:\Users\jorti\AppData\Local\Temp\cckvUOlc.s 			page 12


 337 016f 08       		.uleb128 0x8
 338 0170 29020000 		.4byte	.LASF19
 339 0174 01       		.byte	0x1
 340 0175 DA       		.byte	0xda
 341 0176 A5000000 		.4byte	0xa5
 342 017a 92000000 		.4byte	.LLST4
 343 017e 08       		.uleb128 0x8
 344 017f 58010000 		.4byte	.LASF21
 345 0183 01       		.byte	0x1
 346 0184 DB       		.byte	0xdb
 347 0185 A5000000 		.4byte	0xa5
 348 0189 A9000000 		.4byte	.LLST5
 349 018d 08       		.uleb128 0x8
 350 018e 21000000 		.4byte	.LASF20
 351 0192 01       		.byte	0x1
 352 0193 DC       		.byte	0xdc
 353 0194 7D000000 		.4byte	0x7d
 354 0198 D2000000 		.4byte	.LLST6
 355 019c 09       		.uleb128 0x9
 356 019d 06000000 		.4byte	.LVL10
 357 01a1 D0010000 		.4byte	0x1d0
 358 01a5 09       		.uleb128 0x9
 359 01a6 10000000 		.4byte	.LVL14
 360 01aa 1B010000 		.4byte	0x11b
 361 01ae 0A       		.uleb128 0xa
 362 01af 1A000000 		.4byte	.LVL17
 363 01b3 DC010000 		.4byte	0x1dc
 364 01b7 0B       		.uleb128 0xb
 365 01b8 01       		.uleb128 0x1
 366 01b9 50       		.byte	0x50
 367 01ba 02       		.uleb128 0x2
 368 01bb 76       		.byte	0x76
 369 01bc 00       		.sleb128 0
 370 01bd 00       		.byte	0
 371 01be 00       		.byte	0
 372 01bf 10       		.uleb128 0x10
 373 01c0 28000000 		.4byte	.LASF29
 374 01c4 01       		.byte	0x1
 375 01c5 6B       		.byte	0x6b
 376 01c6 A5000000 		.4byte	0xa5
 377 01ca 05       		.uleb128 0x5
 378 01cb 03       		.byte	0x3
 379 01cc 00000000 		.4byte	Math_RandSeedCur
 380 01d0 11       		.uleb128 0x11
 381 01d1 44000000 		.4byte	.LASF24
 382 01d5 44000000 		.4byte	.LASF24
 383 01d9 02       		.byte	0x2
 384 01da 7C01     		.2byte	0x17c
 385 01dc 11       		.uleb128 0x11
 386 01dd 12000000 		.4byte	.LASF25
 387 01e1 12000000 		.4byte	.LASF25
 388 01e5 02       		.byte	0x2
 389 01e6 7D01     		.2byte	0x17d
 390 01e8 00       		.byte	0
 391              		.section	.debug_abbrev,"",%progbits
 392              	.Ldebug_abbrev0:
 393 0000 01       		.uleb128 0x1
ARM GAS  C:\Users\jorti\AppData\Local\Temp\cckvUOlc.s 			page 13


 394 0001 11       		.uleb128 0x11
 395 0002 01       		.byte	0x1
 396 0003 25       		.uleb128 0x25
 397 0004 0E       		.uleb128 0xe
 398 0005 13       		.uleb128 0x13
 399 0006 0B       		.uleb128 0xb
 400 0007 03       		.uleb128 0x3
 401 0008 0E       		.uleb128 0xe
 402 0009 1B       		.uleb128 0x1b
 403 000a 0E       		.uleb128 0xe
 404 000b 55       		.uleb128 0x55
 405 000c 17       		.uleb128 0x17
 406 000d 11       		.uleb128 0x11
 407 000e 01       		.uleb128 0x1
 408 000f 10       		.uleb128 0x10
 409 0010 17       		.uleb128 0x17
 410 0011 00       		.byte	0
 411 0012 00       		.byte	0
 412 0013 02       		.uleb128 0x2
 413 0014 24       		.uleb128 0x24
 414 0015 00       		.byte	0
 415 0016 0B       		.uleb128 0xb
 416 0017 0B       		.uleb128 0xb
 417 0018 3E       		.uleb128 0x3e
 418 0019 0B       		.uleb128 0xb
 419 001a 03       		.uleb128 0x3
 420 001b 0E       		.uleb128 0xe
 421 001c 00       		.byte	0
 422 001d 00       		.byte	0
 423 001e 03       		.uleb128 0x3
 424 001f 16       		.uleb128 0x16
 425 0020 00       		.byte	0
 426 0021 03       		.uleb128 0x3
 427 0022 0E       		.uleb128 0xe
 428 0023 3A       		.uleb128 0x3a
 429 0024 0B       		.uleb128 0xb
 430 0025 3B       		.uleb128 0x3b
 431 0026 0B       		.uleb128 0xb
 432 0027 49       		.uleb128 0x49
 433 0028 13       		.uleb128 0x13
 434 0029 00       		.byte	0
 435 002a 00       		.byte	0
 436 002b 04       		.uleb128 0x4
 437 002c 24       		.uleb128 0x24
 438 002d 00       		.byte	0
 439 002e 0B       		.uleb128 0xb
 440 002f 0B       		.uleb128 0xb
 441 0030 3E       		.uleb128 0x3e
 442 0031 0B       		.uleb128 0xb
 443 0032 03       		.uleb128 0x3
 444 0033 08       		.uleb128 0x8
 445 0034 00       		.byte	0
 446 0035 00       		.byte	0
 447 0036 05       		.uleb128 0x5
 448 0037 16       		.uleb128 0x16
 449 0038 00       		.byte	0
 450 0039 03       		.uleb128 0x3
ARM GAS  C:\Users\jorti\AppData\Local\Temp\cckvUOlc.s 			page 14


 451 003a 0E       		.uleb128 0xe
 452 003b 3A       		.uleb128 0x3a
 453 003c 0B       		.uleb128 0xb
 454 003d 3B       		.uleb128 0x3b
 455 003e 05       		.uleb128 0x5
 456 003f 49       		.uleb128 0x49
 457 0040 13       		.uleb128 0x13
 458 0041 00       		.byte	0
 459 0042 00       		.byte	0
 460 0043 06       		.uleb128 0x6
 461 0044 2E       		.uleb128 0x2e
 462 0045 01       		.byte	0x1
 463 0046 3F       		.uleb128 0x3f
 464 0047 19       		.uleb128 0x19
 465 0048 03       		.uleb128 0x3
 466 0049 0E       		.uleb128 0xe
 467 004a 3A       		.uleb128 0x3a
 468 004b 0B       		.uleb128 0xb
 469 004c 3B       		.uleb128 0x3b
 470 004d 0B       		.uleb128 0xb
 471 004e 27       		.uleb128 0x27
 472 004f 19       		.uleb128 0x19
 473 0050 11       		.uleb128 0x11
 474 0051 01       		.uleb128 0x1
 475 0052 12       		.uleb128 0x12
 476 0053 06       		.uleb128 0x6
 477 0054 40       		.uleb128 0x40
 478 0055 18       		.uleb128 0x18
 479 0056 9742     		.uleb128 0x2117
 480 0058 19       		.uleb128 0x19
 481 0059 01       		.uleb128 0x1
 482 005a 13       		.uleb128 0x13
 483 005b 00       		.byte	0
 484 005c 00       		.byte	0
 485 005d 07       		.uleb128 0x7
 486 005e 05       		.uleb128 0x5
 487 005f 00       		.byte	0
 488 0060 03       		.uleb128 0x3
 489 0061 0E       		.uleb128 0xe
 490 0062 3A       		.uleb128 0x3a
 491 0063 0B       		.uleb128 0xb
 492 0064 3B       		.uleb128 0x3b
 493 0065 0B       		.uleb128 0xb
 494 0066 49       		.uleb128 0x49
 495 0067 13       		.uleb128 0x13
 496 0068 02       		.uleb128 0x2
 497 0069 17       		.uleb128 0x17
 498 006a 00       		.byte	0
 499 006b 00       		.byte	0
 500 006c 08       		.uleb128 0x8
 501 006d 34       		.uleb128 0x34
 502 006e 00       		.byte	0
 503 006f 03       		.uleb128 0x3
 504 0070 0E       		.uleb128 0xe
 505 0071 3A       		.uleb128 0x3a
 506 0072 0B       		.uleb128 0xb
 507 0073 3B       		.uleb128 0x3b
ARM GAS  C:\Users\jorti\AppData\Local\Temp\cckvUOlc.s 			page 15


 508 0074 0B       		.uleb128 0xb
 509 0075 49       		.uleb128 0x49
 510 0076 13       		.uleb128 0x13
 511 0077 02       		.uleb128 0x2
 512 0078 17       		.uleb128 0x17
 513 0079 00       		.byte	0
 514 007a 00       		.byte	0
 515 007b 09       		.uleb128 0x9
 516 007c 898201   		.uleb128 0x4109
 517 007f 00       		.byte	0
 518 0080 11       		.uleb128 0x11
 519 0081 01       		.uleb128 0x1
 520 0082 31       		.uleb128 0x31
 521 0083 13       		.uleb128 0x13
 522 0084 00       		.byte	0
 523 0085 00       		.byte	0
 524 0086 0A       		.uleb128 0xa
 525 0087 898201   		.uleb128 0x4109
 526 008a 01       		.byte	0x1
 527 008b 11       		.uleb128 0x11
 528 008c 01       		.uleb128 0x1
 529 008d 31       		.uleb128 0x31
 530 008e 13       		.uleb128 0x13
 531 008f 00       		.byte	0
 532 0090 00       		.byte	0
 533 0091 0B       		.uleb128 0xb
 534 0092 8A8201   		.uleb128 0x410a
 535 0095 00       		.byte	0
 536 0096 02       		.uleb128 0x2
 537 0097 18       		.uleb128 0x18
 538 0098 9142     		.uleb128 0x2111
 539 009a 18       		.uleb128 0x18
 540 009b 00       		.byte	0
 541 009c 00       		.byte	0
 542 009d 0C       		.uleb128 0xc
 543 009e 2E       		.uleb128 0x2e
 544 009f 01       		.byte	0x1
 545 00a0 3F       		.uleb128 0x3f
 546 00a1 19       		.uleb128 0x19
 547 00a2 03       		.uleb128 0x3
 548 00a3 0E       		.uleb128 0xe
 549 00a4 3A       		.uleb128 0x3a
 550 00a5 0B       		.uleb128 0xb
 551 00a6 3B       		.uleb128 0x3b
 552 00a7 05       		.uleb128 0x5
 553 00a8 27       		.uleb128 0x27
 554 00a9 19       		.uleb128 0x19
 555 00aa 49       		.uleb128 0x49
 556 00ab 13       		.uleb128 0x13
 557 00ac 11       		.uleb128 0x11
 558 00ad 01       		.uleb128 0x1
 559 00ae 12       		.uleb128 0x12
 560 00af 06       		.uleb128 0x6
 561 00b0 40       		.uleb128 0x40
 562 00b1 18       		.uleb128 0x18
 563 00b2 9742     		.uleb128 0x2117
 564 00b4 19       		.uleb128 0x19
ARM GAS  C:\Users\jorti\AppData\Local\Temp\cckvUOlc.s 			page 16


 565 00b5 01       		.uleb128 0x1
 566 00b6 13       		.uleb128 0x13
 567 00b7 00       		.byte	0
 568 00b8 00       		.byte	0
 569 00b9 0D       		.uleb128 0xd
 570 00ba 05       		.uleb128 0x5
 571 00bb 00       		.byte	0
 572 00bc 03       		.uleb128 0x3
 573 00bd 0E       		.uleb128 0xe
 574 00be 3A       		.uleb128 0x3a
 575 00bf 0B       		.uleb128 0xb
 576 00c0 3B       		.uleb128 0x3b
 577 00c1 05       		.uleb128 0x5
 578 00c2 49       		.uleb128 0x49
 579 00c3 13       		.uleb128 0x13
 580 00c4 02       		.uleb128 0x2
 581 00c5 17       		.uleb128 0x17
 582 00c6 00       		.byte	0
 583 00c7 00       		.byte	0
 584 00c8 0E       		.uleb128 0xe
 585 00c9 34       		.uleb128 0x34
 586 00ca 00       		.byte	0
 587 00cb 03       		.uleb128 0x3
 588 00cc 0E       		.uleb128 0xe
 589 00cd 3A       		.uleb128 0x3a
 590 00ce 0B       		.uleb128 0xb
 591 00cf 3B       		.uleb128 0x3b
 592 00d0 05       		.uleb128 0x5
 593 00d1 49       		.uleb128 0x49
 594 00d2 13       		.uleb128 0x13
 595 00d3 02       		.uleb128 0x2
 596 00d4 17       		.uleb128 0x17
 597 00d5 00       		.byte	0
 598 00d6 00       		.byte	0
 599 00d7 0F       		.uleb128 0xf
 600 00d8 2E       		.uleb128 0x2e
 601 00d9 01       		.byte	0x1
 602 00da 3F       		.uleb128 0x3f
 603 00db 19       		.uleb128 0x19
 604 00dc 03       		.uleb128 0x3
 605 00dd 0E       		.uleb128 0xe
 606 00de 3A       		.uleb128 0x3a
 607 00df 0B       		.uleb128 0xb
 608 00e0 3B       		.uleb128 0x3b
 609 00e1 0B       		.uleb128 0xb
 610 00e2 27       		.uleb128 0x27
 611 00e3 19       		.uleb128 0x19
 612 00e4 49       		.uleb128 0x49
 613 00e5 13       		.uleb128 0x13
 614 00e6 11       		.uleb128 0x11
 615 00e7 01       		.uleb128 0x1
 616 00e8 12       		.uleb128 0x12
 617 00e9 06       		.uleb128 0x6
 618 00ea 40       		.uleb128 0x40
 619 00eb 18       		.uleb128 0x18
 620 00ec 9742     		.uleb128 0x2117
 621 00ee 19       		.uleb128 0x19
ARM GAS  C:\Users\jorti\AppData\Local\Temp\cckvUOlc.s 			page 17


 622 00ef 01       		.uleb128 0x1
 623 00f0 13       		.uleb128 0x13
 624 00f1 00       		.byte	0
 625 00f2 00       		.byte	0
 626 00f3 10       		.uleb128 0x10
 627 00f4 34       		.uleb128 0x34
 628 00f5 00       		.byte	0
 629 00f6 03       		.uleb128 0x3
 630 00f7 0E       		.uleb128 0xe
 631 00f8 3A       		.uleb128 0x3a
 632 00f9 0B       		.uleb128 0xb
 633 00fa 3B       		.uleb128 0x3b
 634 00fb 0B       		.uleb128 0xb
 635 00fc 49       		.uleb128 0x49
 636 00fd 13       		.uleb128 0x13
 637 00fe 3F       		.uleb128 0x3f
 638 00ff 19       		.uleb128 0x19
 639 0100 02       		.uleb128 0x2
 640 0101 18       		.uleb128 0x18
 641 0102 00       		.byte	0
 642 0103 00       		.byte	0
 643 0104 11       		.uleb128 0x11
 644 0105 2E       		.uleb128 0x2e
 645 0106 00       		.byte	0
 646 0107 3F       		.uleb128 0x3f
 647 0108 19       		.uleb128 0x19
 648 0109 3C       		.uleb128 0x3c
 649 010a 19       		.uleb128 0x19
 650 010b 6E       		.uleb128 0x6e
 651 010c 0E       		.uleb128 0xe
 652 010d 03       		.uleb128 0x3
 653 010e 0E       		.uleb128 0xe
 654 010f 3A       		.uleb128 0x3a
 655 0110 0B       		.uleb128 0xb
 656 0111 3B       		.uleb128 0x3b
 657 0112 05       		.uleb128 0x5
 658 0113 00       		.byte	0
 659 0114 00       		.byte	0
 660 0115 00       		.byte	0
 661              		.section	.debug_loc,"",%progbits
 662              	.Ldebug_loc0:
 663              	.LLST0:
 664 0000 00000000 		.4byte	.LVL0
 665 0004 07000000 		.4byte	.LVL2-1
 666 0008 0100     		.2byte	0x1
 667 000a 50       		.byte	0x50
 668 000b 07000000 		.4byte	.LVL2-1
 669 000f 12000000 		.4byte	.LVL4
 670 0013 0100     		.2byte	0x1
 671 0015 54       		.byte	0x54
 672 0016 12000000 		.4byte	.LVL4
 673 001a 18000000 		.4byte	.LFE2
 674 001e 0400     		.2byte	0x4
 675 0020 F3       		.byte	0xf3
 676 0021 01       		.uleb128 0x1
 677 0022 50       		.byte	0x50
 678 0023 9F       		.byte	0x9f
ARM GAS  C:\Users\jorti\AppData\Local\Temp\cckvUOlc.s 			page 18


 679 0024 00000000 		.4byte	0
 680 0028 00000000 		.4byte	0
 681              	.LLST1:
 682 002c 04000000 		.4byte	.LVL1
 683 0030 08000000 		.4byte	.LVL2
 684 0034 0200     		.2byte	0x2
 685 0036 30       		.byte	0x30
 686 0037 9F       		.byte	0x9f
 687 0038 08000000 		.4byte	.LVL2
 688 003c 0F000000 		.4byte	.LVL3-1
 689 0040 0100     		.2byte	0x1
 690 0042 50       		.byte	0x50
 691 0043 00000000 		.4byte	0
 692 0047 00000000 		.4byte	0
 693              	.LLST2:
 694 004b 00000000 		.4byte	.LVL6
 695 004f 0A000000 		.4byte	.LVL7
 696 0053 0100     		.2byte	0x1
 697 0055 50       		.byte	0x50
 698 0056 0A000000 		.4byte	.LVL7
 699 005a 14000000 		.4byte	.LFE4
 700 005e 0400     		.2byte	0x4
 701 0060 F3       		.byte	0xf3
 702 0061 01       		.uleb128 0x1
 703 0062 50       		.byte	0x50
 704 0063 9F       		.byte	0x9f
 705 0064 00000000 		.4byte	0
 706 0068 00000000 		.4byte	0
 707              	.LLST3:
 708 006c 0A000000 		.4byte	.LVL7
 709 0070 0E000000 		.4byte	.LVL8
 710 0074 0900     		.2byte	0x9
 711 0076 70       		.byte	0x70
 712 0077 00       		.sleb128 0
 713 0078 0C       		.byte	0xc
 714 0079 FFFFFF7F 		.4byte	0x7fffffff
 715 007d 1A       		.byte	0x1a
 716 007e 9F       		.byte	0x9f
 717 007f 0E000000 		.4byte	.LVL8
 718 0083 14000000 		.4byte	.LFE4
 719 0087 0100     		.2byte	0x1
 720 0089 50       		.byte	0x50
 721 008a 00000000 		.4byte	0
 722 008e 00000000 		.4byte	0
 723              	.LLST4:
 724 0092 0A000000 		.4byte	.LVL12
 725 0096 0F000000 		.4byte	.LVL14-1
 726 009a 0500     		.2byte	0x5
 727 009c 03       		.byte	0x3
 728 009d 00000000 		.4byte	Math_RandSeedCur
 729 00a1 00000000 		.4byte	0
 730 00a5 00000000 		.4byte	0
 731              	.LLST5:
 732 00a9 12000000 		.4byte	.LVL15
 733 00ad 16000000 		.4byte	.LVL16
 734 00b1 0100     		.2byte	0x1
 735 00b3 50       		.byte	0x50
ARM GAS  C:\Users\jorti\AppData\Local\Temp\cckvUOlc.s 			page 19


 736 00b4 16000000 		.4byte	.LVL16
 737 00b8 1E000000 		.4byte	.LVL18
 738 00bc 0100     		.2byte	0x1
 739 00be 54       		.byte	0x54
 740 00bf 1E000000 		.4byte	.LVL18
 741 00c3 24000000 		.4byte	.LFE3
 742 00c7 0100     		.2byte	0x1
 743 00c9 50       		.byte	0x50
 744 00ca 00000000 		.4byte	0
 745 00ce 00000000 		.4byte	0
 746              	.LLST6:
 747 00d2 02000000 		.4byte	.LVL9
 748 00d6 08000000 		.4byte	.LVL11
 749 00da 0200     		.2byte	0x2
 750 00dc 30       		.byte	0x30
 751 00dd 9F       		.byte	0x9f
 752 00de 08000000 		.4byte	.LVL11
 753 00e2 0C000000 		.4byte	.LVL13
 754 00e6 0100     		.2byte	0x1
 755 00e8 50       		.byte	0x50
 756 00e9 0C000000 		.4byte	.LVL13
 757 00ed 1E000000 		.4byte	.LVL18
 758 00f1 0100     		.2byte	0x1
 759 00f3 56       		.byte	0x56
 760 00f4 00000000 		.4byte	0
 761 00f8 00000000 		.4byte	0
 762              		.section	.debug_aranges,"",%progbits
 763 0000 34000000 		.4byte	0x34
 764 0004 0200     		.2byte	0x2
 765 0006 00000000 		.4byte	.Ldebug_info0
 766 000a 04       		.byte	0x4
 767 000b 00       		.byte	0
 768 000c 0000     		.2byte	0
 769 000e 0000     		.2byte	0
 770 0010 00000000 		.4byte	.LFB2
 771 0014 18000000 		.4byte	.LFE2-.LFB2
 772 0018 00000000 		.4byte	.LFB1
 773 001c 0A000000 		.4byte	.LFE1-.LFB1
 774 0020 00000000 		.4byte	.LFB4
 775 0024 14000000 		.4byte	.LFE4-.LFB4
 776 0028 00000000 		.4byte	.LFB3
 777 002c 24000000 		.4byte	.LFE3-.LFB3
 778 0030 00000000 		.4byte	0
 779 0034 00000000 		.4byte	0
 780              		.section	.debug_ranges,"",%progbits
 781              	.Ldebug_ranges0:
 782 0000 00000000 		.4byte	.LFB2
 783 0004 18000000 		.4byte	.LFE2
 784 0008 00000000 		.4byte	.LFB1
 785 000c 0A000000 		.4byte	.LFE1
 786 0010 00000000 		.4byte	.LFB4
 787 0014 14000000 		.4byte	.LFE4
 788 0018 00000000 		.4byte	.LFB3
 789 001c 24000000 		.4byte	.LFE3
 790 0020 00000000 		.4byte	0
 791 0024 00000000 		.4byte	0
 792              		.section	.debug_line,"",%progbits
ARM GAS  C:\Users\jorti\AppData\Local\Temp\cckvUOlc.s 			page 20


 793              	.Ldebug_line0:
 794 0000 B5000000 		.section	.debug_str,"MS",%progbits,1
 794      02006300 
 794      00000201 
 794      FB0E0D00 
 794      01010101 
 795              	.LASF27:
 796 0000 75432D4C 		.ascii	"uC-LIB\\lib_math.c\000"
 796      49425C6C 
 796      69625F6D 
 796      6174682E 
 796      6300
 797              	.LASF25:
 798 0012 4350555F 		.ascii	"CPU_SR_Restore\000"
 798      53525F52 
 798      6573746F 
 798      726500
 799              	.LASF20:
 800 0021 6370755F 		.ascii	"cpu_sr\000"
 800      737200
 801              	.LASF29:
 802 0028 4D617468 		.ascii	"Math_RandSeedCur\000"
 802      5F52616E 
 802      64536565 
 802      64437572 
 802      00
 803              	.LASF10:
 804 0039 4350555F 		.ascii	"CPU_INT32U\000"
 804      494E5433 
 804      325500
 805              	.LASF24:
 806 0044 4350555F 		.ascii	"CPU_SR_Save\000"
 806      53525F53 
 806      61766500 
 807              	.LASF22:
 808 0050 4D617468 		.ascii	"Math_RandSeed\000"
 808      5F52616E 
 808      64536565 
 808      6400
 809              	.LASF8:
 810 005e 666C6F61 		.ascii	"float\000"
 810      7400
 811              	.LASF11:
 812 0064 4350555F 		.ascii	"CPU_SR\000"
 812      535200
 813              	.LASF1:
 814 006b 756E7369 		.ascii	"unsigned char\000"
 814      676E6564 
 814      20636861 
 814      7200
 815              	.LASF26:
 816 0079 474E5520 		.ascii	"GNU C11 5.4.1 20160609 (release) [ARM/embedded-5-br"
 816      43313120 
 816      352E342E 
 816      31203230 
 816      31363036 
 817 00ac 616E6368 		.ascii	"anch revision 237715] -mcpu=cortex-m3 -mthumb -g -O"
ARM GAS  C:\Users\jorti\AppData\Local\Temp\cckvUOlc.s 			page 21


 817      20726576 
 817      6973696F 
 817      6E203233 
 817      37373135 
 818 00df 67202D66 		.ascii	"g -ffunction-sections -ffat-lto-objects\000"
 818      66756E63 
 818      74696F6E 
 818      2D736563 
 818      74696F6E 
 819              	.LASF13:
 820 0107 6C6F6E67 		.ascii	"long unsigned int\000"
 820      20756E73 
 820      69676E65 
 820      6420696E 
 820      7400
 821              	.LASF3:
 822 0119 73686F72 		.ascii	"short unsigned int\000"
 822      7420756E 
 822      7369676E 
 822      65642069 
 822      6E7400
 823              	.LASF23:
 824 012c 4D617468 		.ascii	"Math_Rand\000"
 824      5F52616E 
 824      6400
 825              	.LASF9:
 826 0136 646F7562 		.ascii	"double\000"
 826      6C6500
 827              	.LASF18:
 828 013d 4D617468 		.ascii	"Math_Init\000"
 828      5F496E69 
 828      7400
 829              	.LASF17:
 830 0147 4D617468 		.ascii	"Math_RandSetSeed\000"
 830      5F52616E 
 830      64536574 
 830      53656564 
 830      00
 831              	.LASF21:
 832 0158 72616E64 		.ascii	"rand_nbr\000"
 832      5F6E6272 
 832      00
 833              	.LASF5:
 834 0161 756E7369 		.ascii	"unsigned int\000"
 834      676E6564 
 834      20696E74 
 834      00
 835              	.LASF6:
 836 016e 6C6F6E67 		.ascii	"long long unsigned int\000"
 836      206C6F6E 
 836      6720756E 
 836      7369676E 
 836      65642069 
 837              	.LASF15:
 838 0185 73697A65 		.ascii	"sizetype\000"
 838      74797065 
 838      00
ARM GAS  C:\Users\jorti\AppData\Local\Temp\cckvUOlc.s 			page 22


 839              	.LASF7:
 840 018e 6C6F6E67 		.ascii	"long long int\000"
 840      206C6F6E 
 840      6720696E 
 840      7400
 841              	.LASF16:
 842 019c 52414E44 		.ascii	"RAND_NBR\000"
 842      5F4E4252 
 842      00
 843              	.LASF0:
 844 01a5 63686172 		.ascii	"char\000"
 844      00
 845              	.LASF28:
 846 01aa 433A5C55 		.ascii	"C:\\Users\\jorti\\Documents\\FH_Technikum\\MES1\\Sy"
 846      73657273 
 846      5C6A6F72 
 846      74695C44 
 846      6F63756D 
 847 01d7 7374656D 		.ascii	"stem_Software_1\\cypress_bldc_motor\\esw_rtos_cykit"
 847      5F536F66 
 847      74776172 
 847      655F315C 
 847      63797072 
 848 0208 5C657377 		.ascii	"\\esw_uCOS3_cykit.cydsn\000"
 848      5F75434F 
 848      53335F63 
 848      796B6974 
 848      2E637964 
 849              	.LASF4:
 850 021f 73686F72 		.ascii	"short int\000"
 850      7420696E 
 850      7400
 851              	.LASF19:
 852 0229 73656564 		.ascii	"seed\000"
 852      00
 853              	.LASF12:
 854 022e 6C6F6E67 		.ascii	"long int\000"
 854      20696E74 
 854      00
 855              	.LASF14:
 856 0237 6C6F6E67 		.ascii	"long double\000"
 856      20646F75 
 856      626C6500 
 857              	.LASF2:
 858 0243 7369676E 		.ascii	"signed char\000"
 858      65642063 
 858      68617200 
 859              		.ident	"GCC: (GNU Tools for ARM Embedded Processors) 5.4.1 20160609 (release) [ARM/embedded-5-bran
