ARM GAS  C:\Users\jorti\AppData\Local\Temp\ccF3Cv8w.s 			page 1


   1              		.syntax unified
   2              		.cpu cortex-m3
   3              		.fpu softvfp
   4              		.eabi_attribute 20, 1
   5              		.eabi_attribute 21, 1
   6              		.eabi_attribute 23, 3
   7              		.eabi_attribute 24, 1
   8              		.eabi_attribute 25, 1
   9              		.eabi_attribute 26, 1
  10              		.eabi_attribute 30, 1
  11              		.eabi_attribute 34, 1
  12              		.eabi_attribute 18, 4
  13              		.thumb
  14              		.syntax unified
  15              		.file	"os_prio.c"
  16              		.text
  17              	.Ltext0:
  18              		.cfi_sections	.debug_frame
  19              		.section	.text.OS_PrioInit,"ax",%progbits
  20              		.align	2
  21              		.global	OS_PrioInit
  22              		.thumb
  23              		.thumb_func
  24              		.type	OS_PrioInit, %function
  25              	OS_PrioInit:
  26              	.LFB1:
  27              		.file 1 "uCOS-III\\Source\\os_prio.c"
   1:uCOS-III\Source/os_prio.c **** /*
   2:uCOS-III\Source/os_prio.c **** ***************************************************************************************************
   3:uCOS-III\Source/os_prio.c **** *                                                      uC/OS-III
   4:uCOS-III\Source/os_prio.c **** *                                                 The Real-Time Kernel
   5:uCOS-III\Source/os_prio.c **** *
   6:uCOS-III\Source/os_prio.c **** *                                  (c) Copyright 2009-2012; Micrium, Inc.; Weston, FL
   7:uCOS-III\Source/os_prio.c **** *                           All rights reserved.  Protected by international copyright laws.
   8:uCOS-III\Source/os_prio.c **** *
   9:uCOS-III\Source/os_prio.c **** *                                                 PRIORITY MANAGEMENT
  10:uCOS-III\Source/os_prio.c **** *
  11:uCOS-III\Source/os_prio.c **** * File    : OS_PRIO.C
  12:uCOS-III\Source/os_prio.c **** * By      : JJL
  13:uCOS-III\Source/os_prio.c **** * Version : V3.03.01
  14:uCOS-III\Source/os_prio.c **** *
  15:uCOS-III\Source/os_prio.c **** * LICENSING TERMS:
  16:uCOS-III\Source/os_prio.c **** * ---------------
  17:uCOS-III\Source/os_prio.c **** *           uC/OS-III is provided in source form for FREE short-term evaluation, for educational us
  18:uCOS-III\Source/os_prio.c **** *           for peaceful research.  If you plan or intend to use uC/OS-III in a commercial applicat
  19:uCOS-III\Source/os_prio.c **** *           product then, you need to contact Micrium to properly license uC/OS-III for its use in 
  20:uCOS-III\Source/os_prio.c **** *           application/product.   We provide ALL the source code for your convenience and to help 
  21:uCOS-III\Source/os_prio.c **** *           experience uC/OS-III.  The fact that the source is provided does NOT mean that you can 
  22:uCOS-III\Source/os_prio.c **** *           it commercially without paying a licensing fee.
  23:uCOS-III\Source/os_prio.c **** *
  24:uCOS-III\Source/os_prio.c **** *           Knowledge of the source code may NOT be used to develop a similar product.
  25:uCOS-III\Source/os_prio.c **** *
  26:uCOS-III\Source/os_prio.c **** *           Please help us continue to provide the embedded community with the finest software avai
  27:uCOS-III\Source/os_prio.c **** *           Your honesty is greatly appreciated.
  28:uCOS-III\Source/os_prio.c **** *
  29:uCOS-III\Source/os_prio.c **** *           You can contact us at www.micrium.com, or by phone at +1 (954) 217-2036.
  30:uCOS-III\Source/os_prio.c **** ***************************************************************************************************
ARM GAS  C:\Users\jorti\AppData\Local\Temp\ccF3Cv8w.s 			page 2


  31:uCOS-III\Source/os_prio.c **** */
  32:uCOS-III\Source/os_prio.c **** 
  33:uCOS-III\Source/os_prio.c **** #define  MICRIUM_SOURCE
  34:uCOS-III\Source/os_prio.c **** #include <os.h>
  35:uCOS-III\Source/os_prio.c **** 
  36:uCOS-III\Source/os_prio.c **** #ifdef VSC_INCLUDE_SOURCE_FILE_NAMES
  37:uCOS-III\Source/os_prio.c **** const  CPU_CHAR  *os_prio__c = "$Id: $";
  38:uCOS-III\Source/os_prio.c **** #endif
  39:uCOS-III\Source/os_prio.c **** 
  40:uCOS-III\Source/os_prio.c **** 
  41:uCOS-III\Source/os_prio.c **** CPU_DATA   OSPrioTbl[OS_PRIO_TBL_SIZE];                     /* Declare the array local to this file
  42:uCOS-III\Source/os_prio.c ****                                                             /* ... optimization.  In other words, t
  43:uCOS-III\Source/os_prio.c ****                                                             /* ... table to be located in fast memo
  44:uCOS-III\Source/os_prio.c **** 
  45:uCOS-III\Source/os_prio.c **** /*
  46:uCOS-III\Source/os_prio.c **** ***************************************************************************************************
  47:uCOS-III\Source/os_prio.c **** *                                               INITIALIZE THE PRIORITY LIST
  48:uCOS-III\Source/os_prio.c **** *
  49:uCOS-III\Source/os_prio.c **** * Description: This function is called by uC/OS-III to initialize the list of ready priorities.
  50:uCOS-III\Source/os_prio.c **** *
  51:uCOS-III\Source/os_prio.c **** * Arguments  : none
  52:uCOS-III\Source/os_prio.c **** *
  53:uCOS-III\Source/os_prio.c **** * Returns    : none
  54:uCOS-III\Source/os_prio.c **** *
  55:uCOS-III\Source/os_prio.c **** * Note       : This function is INTERNAL to uC/OS-III and your application should not call it.
  56:uCOS-III\Source/os_prio.c **** ***************************************************************************************************
  57:uCOS-III\Source/os_prio.c **** */
  58:uCOS-III\Source/os_prio.c **** 
  59:uCOS-III\Source/os_prio.c **** void  OS_PrioInit (void)
  60:uCOS-III\Source/os_prio.c **** {
  28              		.loc 1 60 0
  29              		.cfi_startproc
  30              		@ args = 0, pretend = 0, frame = 0
  31              		@ frame_needed = 0, uses_anonymous_args = 0
  32              		@ link register save eliminated.
  33              	.LVL0:
  61:uCOS-III\Source/os_prio.c ****     CPU_DATA  i;
  62:uCOS-III\Source/os_prio.c **** 
  63:uCOS-III\Source/os_prio.c **** 
  64:uCOS-III\Source/os_prio.c ****                                                             /* Clear the bitmap table ... no task i
  65:uCOS-III\Source/os_prio.c ****     for (i = 0u; i < OS_PRIO_TBL_SIZE; i++) {
  34              		.loc 1 65 0
  35 0000 0023     		movs	r3, #0
  36 0002 04E0     		b	.L2
  37              	.LVL1:
  38              	.L3:
  66:uCOS-III\Source/os_prio.c ****          OSPrioTbl[i] = (CPU_DATA)0;
  39              		.loc 1 66 0 discriminator 3
  40 0004 0021     		movs	r1, #0
  41 0006 034A     		ldr	r2, .L4
  42 0008 42F82310 		str	r1, [r2, r3, lsl #2]
  65:uCOS-III\Source/os_prio.c ****          OSPrioTbl[i] = (CPU_DATA)0;
  43              		.loc 1 65 0 discriminator 3
  44 000c 0133     		adds	r3, r3, #1
  45              	.LVL2:
  46              	.L2:
  65:uCOS-III\Source/os_prio.c ****          OSPrioTbl[i] = (CPU_DATA)0;
ARM GAS  C:\Users\jorti\AppData\Local\Temp\ccF3Cv8w.s 			page 3


  47              		.loc 1 65 0 is_stmt 0 discriminator 1
  48 000e 002B     		cmp	r3, #0
  49 0010 F8D0     		beq	.L3
  67:uCOS-III\Source/os_prio.c ****     }
  68:uCOS-III\Source/os_prio.c **** }
  50              		.loc 1 68 0 is_stmt 1
  51 0012 7047     		bx	lr
  52              	.L5:
  53              		.align	2
  54              	.L4:
  55 0014 00000000 		.word	OSPrioTbl
  56              		.cfi_endproc
  57              	.LFE1:
  58              		.size	OS_PrioInit, .-OS_PrioInit
  59              		.section	.text.OS_PrioGetHighest,"ax",%progbits
  60              		.align	2
  61              		.global	OS_PrioGetHighest
  62              		.thumb
  63              		.thumb_func
  64              		.type	OS_PrioGetHighest, %function
  65              	OS_PrioGetHighest:
  66              	.LFB2:
  69:uCOS-III\Source/os_prio.c **** 
  70:uCOS-III\Source/os_prio.c **** /*
  71:uCOS-III\Source/os_prio.c **** ***************************************************************************************************
  72:uCOS-III\Source/os_prio.c **** *                                           GET HIGHEST PRIORITY TASK WAITING
  73:uCOS-III\Source/os_prio.c **** *
  74:uCOS-III\Source/os_prio.c **** * Description: This function is called by other uC/OS-III services to determine the highest priorit
  75:uCOS-III\Source/os_prio.c **** *              waiting on the event.
  76:uCOS-III\Source/os_prio.c **** *
  77:uCOS-III\Source/os_prio.c **** * Arguments  : none
  78:uCOS-III\Source/os_prio.c **** *
  79:uCOS-III\Source/os_prio.c **** * Returns    : The priority of the Highest Priority Task (HPT) waiting for the event
  80:uCOS-III\Source/os_prio.c **** *
  81:uCOS-III\Source/os_prio.c **** * Note(s)    : 1) This function is INTERNAL to uC/OS-III and your application MUST NOT call it.
  82:uCOS-III\Source/os_prio.c **** ***************************************************************************************************
  83:uCOS-III\Source/os_prio.c **** */
  84:uCOS-III\Source/os_prio.c **** 
  85:uCOS-III\Source/os_prio.c **** OS_PRIO  OS_PrioGetHighest (void)
  86:uCOS-III\Source/os_prio.c **** {
  67              		.loc 1 86 0
  68              		.cfi_startproc
  69              		@ args = 0, pretend = 0, frame = 0
  70              		@ frame_needed = 0, uses_anonymous_args = 0
  71 0000 10B5     		push	{r4, lr}
  72              		.cfi_def_cfa_offset 8
  73              		.cfi_offset 4, -8
  74              		.cfi_offset 14, -4
  75              	.LVL3:
  87:uCOS-III\Source/os_prio.c ****     CPU_DATA  *p_tbl;
  88:uCOS-III\Source/os_prio.c ****     OS_PRIO    prio;
  89:uCOS-III\Source/os_prio.c **** 
  90:uCOS-III\Source/os_prio.c **** 
  91:uCOS-III\Source/os_prio.c ****     prio  = (OS_PRIO)0;
  76              		.loc 1 91 0
  77 0002 0024     		movs	r4, #0
  92:uCOS-III\Source/os_prio.c ****     p_tbl = &OSPrioTbl[0];
ARM GAS  C:\Users\jorti\AppData\Local\Temp\ccF3Cv8w.s 			page 4


  78              		.loc 1 92 0
  79 0004 064B     		ldr	r3, .L10
  93:uCOS-III\Source/os_prio.c ****     while (*p_tbl == (CPU_DATA)0) {                         /* Search the bitmap table for the high
  80              		.loc 1 93 0
  81 0006 02E0     		b	.L7
  82              	.LVL4:
  83              	.L8:
  94:uCOS-III\Source/os_prio.c ****         prio += DEF_INT_CPU_NBR_BITS;                       /* Compute the step of each CPU_DATA en
  84              		.loc 1 94 0
  85 0008 2034     		adds	r4, r4, #32
  86              	.LVL5:
  87 000a E4B2     		uxtb	r4, r4
  88              	.LVL6:
  95:uCOS-III\Source/os_prio.c ****         p_tbl++;
  89              		.loc 1 95 0
  90 000c 0433     		adds	r3, r3, #4
  91              	.LVL7:
  92              	.L7:
  93:uCOS-III\Source/os_prio.c ****     while (*p_tbl == (CPU_DATA)0) {                         /* Search the bitmap table for the high
  93              		.loc 1 93 0
  94 000e 1868     		ldr	r0, [r3]
  95 0010 0028     		cmp	r0, #0
  96 0012 F9D0     		beq	.L8
  96:uCOS-III\Source/os_prio.c ****     }
  97:uCOS-III\Source/os_prio.c ****     prio += (OS_PRIO)CPU_CntLeadZeros(*p_tbl);              /* Find the position of the first bit s
  97              		.loc 1 97 0
  98 0014 FFF7FEFF 		bl	CPU_CntLeadZeros
  99              	.LVL8:
 100 0018 C0B2     		uxtb	r0, r0
 101 001a 2044     		add	r0, r0, r4
 102              	.LVL9:
  98:uCOS-III\Source/os_prio.c ****     return (prio);
  99:uCOS-III\Source/os_prio.c **** }
 103              		.loc 1 99 0
 104 001c C0B2     		uxtb	r0, r0
 105 001e 10BD     		pop	{r4, pc}
 106              	.L11:
 107              		.align	2
 108              	.L10:
 109 0020 00000000 		.word	OSPrioTbl
 110              		.cfi_endproc
 111              	.LFE2:
 112              		.size	OS_PrioGetHighest, .-OS_PrioGetHighest
 113              		.section	.text.OS_PrioInsert,"ax",%progbits
 114              		.align	2
 115              		.global	OS_PrioInsert
 116              		.thumb
 117              		.thumb_func
 118              		.type	OS_PrioInsert, %function
 119              	OS_PrioInsert:
 120              	.LFB3:
 100:uCOS-III\Source/os_prio.c **** 
 101:uCOS-III\Source/os_prio.c **** /*
 102:uCOS-III\Source/os_prio.c **** ***************************************************************************************************
 103:uCOS-III\Source/os_prio.c **** *                                                  INSERT PRIORITY
 104:uCOS-III\Source/os_prio.c **** *
 105:uCOS-III\Source/os_prio.c **** * Description: This function is called to insert a priority in the priority table.
ARM GAS  C:\Users\jorti\AppData\Local\Temp\ccF3Cv8w.s 			page 5


 106:uCOS-III\Source/os_prio.c **** *
 107:uCOS-III\Source/os_prio.c **** * Arguments  : prio     is the priority to insert
 108:uCOS-III\Source/os_prio.c **** *
 109:uCOS-III\Source/os_prio.c **** * Returns    : none
 110:uCOS-III\Source/os_prio.c **** *
 111:uCOS-III\Source/os_prio.c **** * Note(s)    : 1) This function is INTERNAL to uC/OS-III and your application MUST NOT call it.
 112:uCOS-III\Source/os_prio.c **** ***************************************************************************************************
 113:uCOS-III\Source/os_prio.c **** */
 114:uCOS-III\Source/os_prio.c **** 
 115:uCOS-III\Source/os_prio.c **** void  OS_PrioInsert (OS_PRIO  prio)
 116:uCOS-III\Source/os_prio.c **** {
 121              		.loc 1 116 0
 122              		.cfi_startproc
 123              		@ args = 0, pretend = 0, frame = 0
 124              		@ frame_needed = 0, uses_anonymous_args = 0
 125              		@ link register save eliminated.
 126              	.LVL10:
 117:uCOS-III\Source/os_prio.c ****     CPU_DATA  bit;
 118:uCOS-III\Source/os_prio.c ****     CPU_DATA  bit_nbr;
 119:uCOS-III\Source/os_prio.c ****     OS_PRIO   ix;
 120:uCOS-III\Source/os_prio.c **** 
 121:uCOS-III\Source/os_prio.c **** 
 122:uCOS-III\Source/os_prio.c ****     ix             = prio / DEF_INT_CPU_NBR_BITS;
 127              		.loc 1 122 0
 128 0000 4209     		lsrs	r2, r0, #5
 129              	.LVL11:
 123:uCOS-III\Source/os_prio.c ****     bit_nbr        = (CPU_DATA)prio & (DEF_INT_CPU_NBR_BITS - 1u);
 130              		.loc 1 123 0
 131 0002 00F01F00 		and	r0, r0, #31
 132              	.LVL12:
 124:uCOS-III\Source/os_prio.c ****     bit            = 1u;
 125:uCOS-III\Source/os_prio.c ****     bit          <<= (DEF_INT_CPU_NBR_BITS - 1u) - bit_nbr;
 133              		.loc 1 125 0
 134 0006 C0F11F00 		rsb	r0, r0, #31
 135              	.LVL13:
 136 000a 0123     		movs	r3, #1
 137 000c 03FA00F0 		lsl	r0, r3, r0
 138              	.LVL14:
 126:uCOS-III\Source/os_prio.c ****     OSPrioTbl[ix] |= bit;
 139              		.loc 1 126 0
 140 0010 034B     		ldr	r3, .L13
 141 0012 53F82210 		ldr	r1, [r3, r2, lsl #2]
 142 0016 0843     		orrs	r0, r0, r1
 143              	.LVL15:
 144 0018 43F82200 		str	r0, [r3, r2, lsl #2]
 145 001c 7047     		bx	lr
 146              	.L14:
 147 001e 00BF     		.align	2
 148              	.L13:
 149 0020 00000000 		.word	OSPrioTbl
 150              		.cfi_endproc
 151              	.LFE3:
 152              		.size	OS_PrioInsert, .-OS_PrioInsert
 153              		.section	.text.OS_PrioRemove,"ax",%progbits
 154              		.align	2
 155              		.global	OS_PrioRemove
 156              		.thumb
ARM GAS  C:\Users\jorti\AppData\Local\Temp\ccF3Cv8w.s 			page 6


 157              		.thumb_func
 158              		.type	OS_PrioRemove, %function
 159              	OS_PrioRemove:
 160              	.LFB4:
 127:uCOS-III\Source/os_prio.c **** }
 128:uCOS-III\Source/os_prio.c **** 
 129:uCOS-III\Source/os_prio.c **** /*
 130:uCOS-III\Source/os_prio.c **** ***************************************************************************************************
 131:uCOS-III\Source/os_prio.c **** *                                                   REMOVE PRIORITY
 132:uCOS-III\Source/os_prio.c **** *
 133:uCOS-III\Source/os_prio.c **** * Description: This function is called to remove a priority in the priority table.
 134:uCOS-III\Source/os_prio.c **** *
 135:uCOS-III\Source/os_prio.c **** * Arguments  : prio     is the priority to remove
 136:uCOS-III\Source/os_prio.c **** *
 137:uCOS-III\Source/os_prio.c **** * Returns    : none
 138:uCOS-III\Source/os_prio.c **** *
 139:uCOS-III\Source/os_prio.c **** * Note(s)    : 1) This function is INTERNAL to uC/OS-III and your application MUST NOT call it.
 140:uCOS-III\Source/os_prio.c **** ***************************************************************************************************
 141:uCOS-III\Source/os_prio.c **** */
 142:uCOS-III\Source/os_prio.c **** 
 143:uCOS-III\Source/os_prio.c **** void  OS_PrioRemove (OS_PRIO  prio)
 144:uCOS-III\Source/os_prio.c **** {
 161              		.loc 1 144 0
 162              		.cfi_startproc
 163              		@ args = 0, pretend = 0, frame = 0
 164              		@ frame_needed = 0, uses_anonymous_args = 0
 165              		@ link register save eliminated.
 166              	.LVL16:
 145:uCOS-III\Source/os_prio.c ****     CPU_DATA  bit;
 146:uCOS-III\Source/os_prio.c ****     CPU_DATA  bit_nbr;
 147:uCOS-III\Source/os_prio.c ****     OS_PRIO   ix;
 148:uCOS-III\Source/os_prio.c **** 
 149:uCOS-III\Source/os_prio.c **** 
 150:uCOS-III\Source/os_prio.c ****     ix             = prio / DEF_INT_CPU_NBR_BITS;
 167              		.loc 1 150 0
 168 0000 4109     		lsrs	r1, r0, #5
 169              	.LVL17:
 151:uCOS-III\Source/os_prio.c ****     bit_nbr        = (CPU_DATA)prio & (DEF_INT_CPU_NBR_BITS - 1u);
 170              		.loc 1 151 0
 171 0002 00F01F00 		and	r0, r0, #31
 172              	.LVL18:
 152:uCOS-III\Source/os_prio.c ****     bit            = 1u;
 153:uCOS-III\Source/os_prio.c ****     bit          <<= (DEF_INT_CPU_NBR_BITS - 1u) - bit_nbr;
 173              		.loc 1 153 0
 174 0006 C0F11F00 		rsb	r0, r0, #31
 175              	.LVL19:
 176 000a 0123     		movs	r3, #1
 177 000c 03FA00F0 		lsl	r0, r3, r0
 178              	.LVL20:
 154:uCOS-III\Source/os_prio.c ****     OSPrioTbl[ix] &= ~bit;
 179              		.loc 1 154 0
 180 0010 034A     		ldr	r2, .L16
 181 0012 52F82130 		ldr	r3, [r2, r1, lsl #2]
 182 0016 23EA0003 		bic	r3, r3, r0
 183 001a 42F82130 		str	r3, [r2, r1, lsl #2]
 184 001e 7047     		bx	lr
 185              	.L17:
ARM GAS  C:\Users\jorti\AppData\Local\Temp\ccF3Cv8w.s 			page 7


 186              		.align	2
 187              	.L16:
 188 0020 00000000 		.word	OSPrioTbl
 189              		.cfi_endproc
 190              	.LFE4:
 191              		.size	OS_PrioRemove, .-OS_PrioRemove
 192              		.comm	OSPrioTbl,4,4
 193              		.text
 194              	.Letext0:
 195              		.file 2 ".\\uC-CPU\\ARM-Cortex-M3\\GNU/cpu.h"
 196              		.file 3 ".\\uCOS-III\\Source/os_type.h"
 197              		.file 4 ".\\uC-CPU/cpu_core.h"
 198              		.section	.debug_info,"",%progbits
 199              	.Ldebug_info0:
 200 0000 EC010000 		.4byte	0x1ec
 201 0004 0400     		.2byte	0x4
 202 0006 00000000 		.4byte	.Ldebug_abbrev0
 203 000a 04       		.byte	0x4
 204 000b 01       		.uleb128 0x1
 205 000c 5E000000 		.4byte	.LASF24
 206 0010 0C       		.byte	0xc
 207 0011 3E010000 		.4byte	.LASF25
 208 0015 AE010000 		.4byte	.LASF26
 209 0019 00000000 		.4byte	.Ldebug_ranges0+0
 210 001d 00000000 		.4byte	0
 211 0021 00000000 		.4byte	.Ldebug_line0
 212 0025 02       		.uleb128 0x2
 213 0026 01       		.byte	0x1
 214 0027 08       		.byte	0x8
 215 0028 92010000 		.4byte	.LASF0
 216 002c 02       		.uleb128 0x2
 217 002d 01       		.byte	0x1
 218 002e 08       		.byte	0x8
 219 002f 50000000 		.4byte	.LASF1
 220 0033 03       		.uleb128 0x3
 221 0034 FE000000 		.4byte	.LASF5
 222 0038 02       		.byte	0x2
 223 0039 78       		.byte	0x78
 224 003a 2C000000 		.4byte	0x2c
 225 003e 02       		.uleb128 0x2
 226 003f 01       		.byte	0x1
 227 0040 06       		.byte	0x6
 228 0041 38020000 		.4byte	.LASF2
 229 0045 02       		.uleb128 0x2
 230 0046 02       		.byte	0x2
 231 0047 07       		.byte	0x7
 232 0048 44020000 		.4byte	.LASF3
 233 004c 02       		.uleb128 0x2
 234 004d 02       		.byte	0x2
 235 004e 05       		.byte	0x5
 236 004f 10010000 		.4byte	.LASF4
 237 0053 03       		.uleb128 0x3
 238 0054 29000000 		.4byte	.LASF6
 239 0058 02       		.byte	0x2
 240 0059 7C       		.byte	0x7c
 241 005a 5E000000 		.4byte	0x5e
 242 005e 02       		.uleb128 0x2
ARM GAS  C:\Users\jorti\AppData\Local\Temp\ccF3Cv8w.s 			page 8


 243 005f 04       		.byte	0x4
 244 0060 07       		.byte	0x7
 245 0061 1A010000 		.4byte	.LASF7
 246 0065 04       		.uleb128 0x4
 247 0066 04       		.byte	0x4
 248 0067 05       		.byte	0x5
 249 0068 696E7400 		.ascii	"int\000"
 250 006c 02       		.uleb128 0x2
 251 006d 08       		.byte	0x8
 252 006e 07       		.byte	0x7
 253 006f 27010000 		.4byte	.LASF8
 254 0073 02       		.uleb128 0x2
 255 0074 08       		.byte	0x8
 256 0075 05       		.byte	0x5
 257 0076 84010000 		.4byte	.LASF9
 258 007a 02       		.uleb128 0x2
 259 007b 04       		.byte	0x4
 260 007c 04       		.byte	0x4
 261 007d 34000000 		.4byte	.LASF10
 262 0081 02       		.uleb128 0x2
 263 0082 08       		.byte	0x8
 264 0083 04       		.byte	0x4
 265 0084 09010000 		.4byte	.LASF11
 266 0088 03       		.uleb128 0x3
 267 0089 A5010000 		.4byte	.LASF12
 268 008d 02       		.byte	0x2
 269 008e BE       		.byte	0xbe
 270 008f 53000000 		.4byte	0x53
 271 0093 02       		.uleb128 0x2
 272 0094 04       		.byte	0x4
 273 0095 05       		.byte	0x5
 274 0096 23020000 		.4byte	.LASF13
 275 009a 02       		.uleb128 0x2
 276 009b 04       		.byte	0x4
 277 009c 07       		.byte	0x7
 278 009d EC000000 		.4byte	.LASF14
 279 00a1 02       		.uleb128 0x2
 280 00a2 08       		.byte	0x8
 281 00a3 04       		.byte	0x4
 282 00a4 2C020000 		.4byte	.LASF15
 283 00a8 02       		.uleb128 0x2
 284 00a9 04       		.byte	0x4
 285 00aa 07       		.byte	0x7
 286 00ab 7B010000 		.4byte	.LASF16
 287 00af 03       		.uleb128 0x3
 288 00b0 19000000 		.4byte	.LASF17
 289 00b4 03       		.byte	0x3
 290 00b5 49       		.byte	0x49
 291 00b6 33000000 		.4byte	0x33
 292 00ba 05       		.uleb128 0x5
 293 00bb 3A000000 		.4byte	.LASF20
 294 00bf 01       		.byte	0x1
 295 00c0 3B       		.byte	0x3b
 296 00c1 00000000 		.4byte	.LFB1
 297 00c5 18000000 		.4byte	.LFE1-.LFB1
 298 00c9 01       		.uleb128 0x1
 299 00ca 9C       		.byte	0x9c
ARM GAS  C:\Users\jorti\AppData\Local\Temp\ccF3Cv8w.s 			page 9


 300 00cb DD000000 		.4byte	0xdd
 301 00cf 06       		.uleb128 0x6
 302 00d0 6900     		.ascii	"i\000"
 303 00d2 01       		.byte	0x1
 304 00d3 3D       		.byte	0x3d
 305 00d4 88000000 		.4byte	0x88
 306 00d8 00000000 		.4byte	.LLST0
 307 00dc 00       		.byte	0
 308 00dd 07       		.uleb128 0x7
 309 00de 58010000 		.4byte	.LASF27
 310 00e2 01       		.byte	0x1
 311 00e3 55       		.byte	0x55
 312 00e4 AF000000 		.4byte	0xaf
 313 00e8 00000000 		.4byte	.LFB2
 314 00ec 24000000 		.4byte	.LFE2-.LFB2
 315 00f0 01       		.uleb128 0x1
 316 00f1 9C       		.byte	0x9c
 317 00f2 1E010000 		.4byte	0x11e
 318 00f6 08       		.uleb128 0x8
 319 00f7 13000000 		.4byte	.LASF18
 320 00fb 01       		.byte	0x1
 321 00fc 57       		.byte	0x57
 322 00fd 1E010000 		.4byte	0x11e
 323 0101 1F000000 		.4byte	.LLST1
 324 0105 08       		.uleb128 0x8
 325 0106 0E000000 		.4byte	.LASF19
 326 010a 01       		.byte	0x1
 327 010b 58       		.byte	0x58
 328 010c AF000000 		.4byte	0xaf
 329 0110 42000000 		.4byte	.LLST2
 330 0114 09       		.uleb128 0x9
 331 0115 18000000 		.4byte	.LVL8
 332 0119 E3010000 		.4byte	0x1e3
 333 011d 00       		.byte	0
 334 011e 0A       		.uleb128 0xa
 335 011f 04       		.byte	0x4
 336 0120 88000000 		.4byte	0x88
 337 0124 05       		.uleb128 0x5
 338 0125 00000000 		.4byte	.LASF21
 339 0129 01       		.byte	0x1
 340 012a 73       		.byte	0x73
 341 012b 00000000 		.4byte	.LFB3
 342 012f 24000000 		.4byte	.LFE3-.LFB3
 343 0133 01       		.uleb128 0x1
 344 0134 9C       		.byte	0x9c
 345 0135 73010000 		.4byte	0x173
 346 0139 0B       		.uleb128 0xb
 347 013a 0E000000 		.4byte	.LASF19
 348 013e 01       		.byte	0x1
 349 013f 73       		.byte	0x73
 350 0140 AF000000 		.4byte	0xaf
 351 0144 77000000 		.4byte	.LLST3
 352 0148 06       		.uleb128 0x6
 353 0149 62697400 		.ascii	"bit\000"
 354 014d 01       		.byte	0x1
 355 014e 75       		.byte	0x75
 356 014f 88000000 		.4byte	0x88
ARM GAS  C:\Users\jorti\AppData\Local\Temp\ccF3Cv8w.s 			page 10


 357 0153 98000000 		.4byte	.LLST4
 358 0157 08       		.uleb128 0x8
 359 0158 21000000 		.4byte	.LASF22
 360 015c 01       		.byte	0x1
 361 015d 76       		.byte	0x76
 362 015e 88000000 		.4byte	0x88
 363 0162 B7000000 		.4byte	.LLST5
 364 0166 0C       		.uleb128 0xc
 365 0167 697800   		.ascii	"ix\000"
 366 016a 01       		.byte	0x1
 367 016b 77       		.byte	0x77
 368 016c AF000000 		.4byte	0xaf
 369 0170 01       		.uleb128 0x1
 370 0171 52       		.byte	0x52
 371 0172 00       		.byte	0
 372 0173 05       		.uleb128 0x5
 373 0174 97010000 		.4byte	.LASF23
 374 0178 01       		.byte	0x1
 375 0179 8F       		.byte	0x8f
 376 017a 00000000 		.4byte	.LFB4
 377 017e 24000000 		.4byte	.LFE4-.LFB4
 378 0182 01       		.uleb128 0x1
 379 0183 9C       		.byte	0x9c
 380 0184 C2010000 		.4byte	0x1c2
 381 0188 0B       		.uleb128 0xb
 382 0189 0E000000 		.4byte	.LASF19
 383 018d 01       		.byte	0x1
 384 018e 8F       		.byte	0x8f
 385 018f AF000000 		.4byte	0xaf
 386 0193 CA000000 		.4byte	.LLST6
 387 0197 06       		.uleb128 0x6
 388 0198 62697400 		.ascii	"bit\000"
 389 019c 01       		.byte	0x1
 390 019d 91       		.byte	0x91
 391 019e 88000000 		.4byte	0x88
 392 01a2 EB000000 		.4byte	.LLST7
 393 01a6 08       		.uleb128 0x8
 394 01a7 21000000 		.4byte	.LASF22
 395 01ab 01       		.byte	0x1
 396 01ac 92       		.byte	0x92
 397 01ad 88000000 		.4byte	0x88
 398 01b1 0A010000 		.4byte	.LLST8
 399 01b5 0C       		.uleb128 0xc
 400 01b6 697800   		.ascii	"ix\000"
 401 01b9 01       		.byte	0x1
 402 01ba 93       		.byte	0x93
 403 01bb AF000000 		.4byte	0xaf
 404 01bf 01       		.uleb128 0x1
 405 01c0 51       		.byte	0x51
 406 01c1 00       		.byte	0
 407 01c2 0D       		.uleb128 0xd
 408 01c3 88000000 		.4byte	0x88
 409 01c7 D2010000 		.4byte	0x1d2
 410 01cb 0E       		.uleb128 0xe
 411 01cc A8000000 		.4byte	0xa8
 412 01d0 00       		.byte	0
 413 01d1 00       		.byte	0
ARM GAS  C:\Users\jorti\AppData\Local\Temp\ccF3Cv8w.s 			page 11


 414 01d2 0F       		.uleb128 0xf
 415 01d3 46000000 		.4byte	.LASF28
 416 01d7 01       		.byte	0x1
 417 01d8 29       		.byte	0x29
 418 01d9 C2010000 		.4byte	0x1c2
 419 01dd 05       		.uleb128 0x5
 420 01de 03       		.byte	0x3
 421 01df 00000000 		.4byte	OSPrioTbl
 422 01e3 10       		.uleb128 0x10
 423 01e4 6A010000 		.4byte	.LASF29
 424 01e8 6A010000 		.4byte	.LASF29
 425 01ec 04       		.byte	0x4
 426 01ed 3702     		.2byte	0x237
 427 01ef 00       		.byte	0
 428              		.section	.debug_abbrev,"",%progbits
 429              	.Ldebug_abbrev0:
 430 0000 01       		.uleb128 0x1
 431 0001 11       		.uleb128 0x11
 432 0002 01       		.byte	0x1
 433 0003 25       		.uleb128 0x25
 434 0004 0E       		.uleb128 0xe
 435 0005 13       		.uleb128 0x13
 436 0006 0B       		.uleb128 0xb
 437 0007 03       		.uleb128 0x3
 438 0008 0E       		.uleb128 0xe
 439 0009 1B       		.uleb128 0x1b
 440 000a 0E       		.uleb128 0xe
 441 000b 55       		.uleb128 0x55
 442 000c 17       		.uleb128 0x17
 443 000d 11       		.uleb128 0x11
 444 000e 01       		.uleb128 0x1
 445 000f 10       		.uleb128 0x10
 446 0010 17       		.uleb128 0x17
 447 0011 00       		.byte	0
 448 0012 00       		.byte	0
 449 0013 02       		.uleb128 0x2
 450 0014 24       		.uleb128 0x24
 451 0015 00       		.byte	0
 452 0016 0B       		.uleb128 0xb
 453 0017 0B       		.uleb128 0xb
 454 0018 3E       		.uleb128 0x3e
 455 0019 0B       		.uleb128 0xb
 456 001a 03       		.uleb128 0x3
 457 001b 0E       		.uleb128 0xe
 458 001c 00       		.byte	0
 459 001d 00       		.byte	0
 460 001e 03       		.uleb128 0x3
 461 001f 16       		.uleb128 0x16
 462 0020 00       		.byte	0
 463 0021 03       		.uleb128 0x3
 464 0022 0E       		.uleb128 0xe
 465 0023 3A       		.uleb128 0x3a
 466 0024 0B       		.uleb128 0xb
 467 0025 3B       		.uleb128 0x3b
 468 0026 0B       		.uleb128 0xb
 469 0027 49       		.uleb128 0x49
 470 0028 13       		.uleb128 0x13
ARM GAS  C:\Users\jorti\AppData\Local\Temp\ccF3Cv8w.s 			page 12


 471 0029 00       		.byte	0
 472 002a 00       		.byte	0
 473 002b 04       		.uleb128 0x4
 474 002c 24       		.uleb128 0x24
 475 002d 00       		.byte	0
 476 002e 0B       		.uleb128 0xb
 477 002f 0B       		.uleb128 0xb
 478 0030 3E       		.uleb128 0x3e
 479 0031 0B       		.uleb128 0xb
 480 0032 03       		.uleb128 0x3
 481 0033 08       		.uleb128 0x8
 482 0034 00       		.byte	0
 483 0035 00       		.byte	0
 484 0036 05       		.uleb128 0x5
 485 0037 2E       		.uleb128 0x2e
 486 0038 01       		.byte	0x1
 487 0039 3F       		.uleb128 0x3f
 488 003a 19       		.uleb128 0x19
 489 003b 03       		.uleb128 0x3
 490 003c 0E       		.uleb128 0xe
 491 003d 3A       		.uleb128 0x3a
 492 003e 0B       		.uleb128 0xb
 493 003f 3B       		.uleb128 0x3b
 494 0040 0B       		.uleb128 0xb
 495 0041 27       		.uleb128 0x27
 496 0042 19       		.uleb128 0x19
 497 0043 11       		.uleb128 0x11
 498 0044 01       		.uleb128 0x1
 499 0045 12       		.uleb128 0x12
 500 0046 06       		.uleb128 0x6
 501 0047 40       		.uleb128 0x40
 502 0048 18       		.uleb128 0x18
 503 0049 9742     		.uleb128 0x2117
 504 004b 19       		.uleb128 0x19
 505 004c 01       		.uleb128 0x1
 506 004d 13       		.uleb128 0x13
 507 004e 00       		.byte	0
 508 004f 00       		.byte	0
 509 0050 06       		.uleb128 0x6
 510 0051 34       		.uleb128 0x34
 511 0052 00       		.byte	0
 512 0053 03       		.uleb128 0x3
 513 0054 08       		.uleb128 0x8
 514 0055 3A       		.uleb128 0x3a
 515 0056 0B       		.uleb128 0xb
 516 0057 3B       		.uleb128 0x3b
 517 0058 0B       		.uleb128 0xb
 518 0059 49       		.uleb128 0x49
 519 005a 13       		.uleb128 0x13
 520 005b 02       		.uleb128 0x2
 521 005c 17       		.uleb128 0x17
 522 005d 00       		.byte	0
 523 005e 00       		.byte	0
 524 005f 07       		.uleb128 0x7
 525 0060 2E       		.uleb128 0x2e
 526 0061 01       		.byte	0x1
 527 0062 3F       		.uleb128 0x3f
ARM GAS  C:\Users\jorti\AppData\Local\Temp\ccF3Cv8w.s 			page 13


 528 0063 19       		.uleb128 0x19
 529 0064 03       		.uleb128 0x3
 530 0065 0E       		.uleb128 0xe
 531 0066 3A       		.uleb128 0x3a
 532 0067 0B       		.uleb128 0xb
 533 0068 3B       		.uleb128 0x3b
 534 0069 0B       		.uleb128 0xb
 535 006a 27       		.uleb128 0x27
 536 006b 19       		.uleb128 0x19
 537 006c 49       		.uleb128 0x49
 538 006d 13       		.uleb128 0x13
 539 006e 11       		.uleb128 0x11
 540 006f 01       		.uleb128 0x1
 541 0070 12       		.uleb128 0x12
 542 0071 06       		.uleb128 0x6
 543 0072 40       		.uleb128 0x40
 544 0073 18       		.uleb128 0x18
 545 0074 9742     		.uleb128 0x2117
 546 0076 19       		.uleb128 0x19
 547 0077 01       		.uleb128 0x1
 548 0078 13       		.uleb128 0x13
 549 0079 00       		.byte	0
 550 007a 00       		.byte	0
 551 007b 08       		.uleb128 0x8
 552 007c 34       		.uleb128 0x34
 553 007d 00       		.byte	0
 554 007e 03       		.uleb128 0x3
 555 007f 0E       		.uleb128 0xe
 556 0080 3A       		.uleb128 0x3a
 557 0081 0B       		.uleb128 0xb
 558 0082 3B       		.uleb128 0x3b
 559 0083 0B       		.uleb128 0xb
 560 0084 49       		.uleb128 0x49
 561 0085 13       		.uleb128 0x13
 562 0086 02       		.uleb128 0x2
 563 0087 17       		.uleb128 0x17
 564 0088 00       		.byte	0
 565 0089 00       		.byte	0
 566 008a 09       		.uleb128 0x9
 567 008b 898201   		.uleb128 0x4109
 568 008e 00       		.byte	0
 569 008f 11       		.uleb128 0x11
 570 0090 01       		.uleb128 0x1
 571 0091 31       		.uleb128 0x31
 572 0092 13       		.uleb128 0x13
 573 0093 00       		.byte	0
 574 0094 00       		.byte	0
 575 0095 0A       		.uleb128 0xa
 576 0096 0F       		.uleb128 0xf
 577 0097 00       		.byte	0
 578 0098 0B       		.uleb128 0xb
 579 0099 0B       		.uleb128 0xb
 580 009a 49       		.uleb128 0x49
 581 009b 13       		.uleb128 0x13
 582 009c 00       		.byte	0
 583 009d 00       		.byte	0
 584 009e 0B       		.uleb128 0xb
ARM GAS  C:\Users\jorti\AppData\Local\Temp\ccF3Cv8w.s 			page 14


 585 009f 05       		.uleb128 0x5
 586 00a0 00       		.byte	0
 587 00a1 03       		.uleb128 0x3
 588 00a2 0E       		.uleb128 0xe
 589 00a3 3A       		.uleb128 0x3a
 590 00a4 0B       		.uleb128 0xb
 591 00a5 3B       		.uleb128 0x3b
 592 00a6 0B       		.uleb128 0xb
 593 00a7 49       		.uleb128 0x49
 594 00a8 13       		.uleb128 0x13
 595 00a9 02       		.uleb128 0x2
 596 00aa 17       		.uleb128 0x17
 597 00ab 00       		.byte	0
 598 00ac 00       		.byte	0
 599 00ad 0C       		.uleb128 0xc
 600 00ae 34       		.uleb128 0x34
 601 00af 00       		.byte	0
 602 00b0 03       		.uleb128 0x3
 603 00b1 08       		.uleb128 0x8
 604 00b2 3A       		.uleb128 0x3a
 605 00b3 0B       		.uleb128 0xb
 606 00b4 3B       		.uleb128 0x3b
 607 00b5 0B       		.uleb128 0xb
 608 00b6 49       		.uleb128 0x49
 609 00b7 13       		.uleb128 0x13
 610 00b8 02       		.uleb128 0x2
 611 00b9 18       		.uleb128 0x18
 612 00ba 00       		.byte	0
 613 00bb 00       		.byte	0
 614 00bc 0D       		.uleb128 0xd
 615 00bd 01       		.uleb128 0x1
 616 00be 01       		.byte	0x1
 617 00bf 49       		.uleb128 0x49
 618 00c0 13       		.uleb128 0x13
 619 00c1 01       		.uleb128 0x1
 620 00c2 13       		.uleb128 0x13
 621 00c3 00       		.byte	0
 622 00c4 00       		.byte	0
 623 00c5 0E       		.uleb128 0xe
 624 00c6 21       		.uleb128 0x21
 625 00c7 00       		.byte	0
 626 00c8 49       		.uleb128 0x49
 627 00c9 13       		.uleb128 0x13
 628 00ca 2F       		.uleb128 0x2f
 629 00cb 0B       		.uleb128 0xb
 630 00cc 00       		.byte	0
 631 00cd 00       		.byte	0
 632 00ce 0F       		.uleb128 0xf
 633 00cf 34       		.uleb128 0x34
 634 00d0 00       		.byte	0
 635 00d1 03       		.uleb128 0x3
 636 00d2 0E       		.uleb128 0xe
 637 00d3 3A       		.uleb128 0x3a
 638 00d4 0B       		.uleb128 0xb
 639 00d5 3B       		.uleb128 0x3b
 640 00d6 0B       		.uleb128 0xb
 641 00d7 49       		.uleb128 0x49
ARM GAS  C:\Users\jorti\AppData\Local\Temp\ccF3Cv8w.s 			page 15


 642 00d8 13       		.uleb128 0x13
 643 00d9 3F       		.uleb128 0x3f
 644 00da 19       		.uleb128 0x19
 645 00db 02       		.uleb128 0x2
 646 00dc 18       		.uleb128 0x18
 647 00dd 00       		.byte	0
 648 00de 00       		.byte	0
 649 00df 10       		.uleb128 0x10
 650 00e0 2E       		.uleb128 0x2e
 651 00e1 00       		.byte	0
 652 00e2 3F       		.uleb128 0x3f
 653 00e3 19       		.uleb128 0x19
 654 00e4 3C       		.uleb128 0x3c
 655 00e5 19       		.uleb128 0x19
 656 00e6 6E       		.uleb128 0x6e
 657 00e7 0E       		.uleb128 0xe
 658 00e8 03       		.uleb128 0x3
 659 00e9 0E       		.uleb128 0xe
 660 00ea 3A       		.uleb128 0x3a
 661 00eb 0B       		.uleb128 0xb
 662 00ec 3B       		.uleb128 0x3b
 663 00ed 05       		.uleb128 0x5
 664 00ee 00       		.byte	0
 665 00ef 00       		.byte	0
 666 00f0 00       		.byte	0
 667              		.section	.debug_loc,"",%progbits
 668              	.Ldebug_loc0:
 669              	.LLST0:
 670 0000 00000000 		.4byte	.LVL0
 671 0004 04000000 		.4byte	.LVL1
 672 0008 0200     		.2byte	0x2
 673 000a 30       		.byte	0x30
 674 000b 9F       		.byte	0x9f
 675 000c 04000000 		.4byte	.LVL1
 676 0010 18000000 		.4byte	.LFE1
 677 0014 0100     		.2byte	0x1
 678 0016 53       		.byte	0x53
 679 0017 00000000 		.4byte	0
 680 001b 00000000 		.4byte	0
 681              	.LLST1:
 682 001f 02000000 		.4byte	.LVL3
 683 0023 08000000 		.4byte	.LVL4
 684 0027 0600     		.2byte	0x6
 685 0029 03       		.byte	0x3
 686 002a 00000000 		.4byte	OSPrioTbl
 687 002e 9F       		.byte	0x9f
 688 002f 08000000 		.4byte	.LVL4
 689 0033 17000000 		.4byte	.LVL8-1
 690 0037 0100     		.2byte	0x1
 691 0039 53       		.byte	0x53
 692 003a 00000000 		.4byte	0
 693 003e 00000000 		.4byte	0
 694              	.LLST2:
 695 0042 02000000 		.4byte	.LVL3
 696 0046 08000000 		.4byte	.LVL4
 697 004a 0200     		.2byte	0x2
 698 004c 30       		.byte	0x30
ARM GAS  C:\Users\jorti\AppData\Local\Temp\ccF3Cv8w.s 			page 16


 699 004d 9F       		.byte	0x9f
 700 004e 08000000 		.4byte	.LVL4
 701 0052 0A000000 		.4byte	.LVL5
 702 0056 0100     		.2byte	0x1
 703 0058 54       		.byte	0x54
 704 0059 0C000000 		.4byte	.LVL6
 705 005d 1C000000 		.4byte	.LVL9
 706 0061 0100     		.2byte	0x1
 707 0063 54       		.byte	0x54
 708 0064 1C000000 		.4byte	.LVL9
 709 0068 24000000 		.4byte	.LFE2
 710 006c 0100     		.2byte	0x1
 711 006e 50       		.byte	0x50
 712 006f 00000000 		.4byte	0
 713 0073 00000000 		.4byte	0
 714              	.LLST3:
 715 0077 00000000 		.4byte	.LVL10
 716 007b 06000000 		.4byte	.LVL12
 717 007f 0100     		.2byte	0x1
 718 0081 50       		.byte	0x50
 719 0082 06000000 		.4byte	.LVL12
 720 0086 24000000 		.4byte	.LFE3
 721 008a 0400     		.2byte	0x4
 722 008c F3       		.byte	0xf3
 723 008d 01       		.uleb128 0x1
 724 008e 50       		.byte	0x50
 725 008f 9F       		.byte	0x9f
 726 0090 00000000 		.4byte	0
 727 0094 00000000 		.4byte	0
 728              	.LLST4:
 729 0098 06000000 		.4byte	.LVL12
 730 009c 10000000 		.4byte	.LVL14
 731 00a0 0200     		.2byte	0x2
 732 00a2 31       		.byte	0x31
 733 00a3 9F       		.byte	0x9f
 734 00a4 10000000 		.4byte	.LVL14
 735 00a8 18000000 		.4byte	.LVL15
 736 00ac 0100     		.2byte	0x1
 737 00ae 50       		.byte	0x50
 738 00af 00000000 		.4byte	0
 739 00b3 00000000 		.4byte	0
 740              	.LLST5:
 741 00b7 06000000 		.4byte	.LVL12
 742 00bb 0A000000 		.4byte	.LVL13
 743 00bf 0100     		.2byte	0x1
 744 00c1 50       		.byte	0x50
 745 00c2 00000000 		.4byte	0
 746 00c6 00000000 		.4byte	0
 747              	.LLST6:
 748 00ca 00000000 		.4byte	.LVL16
 749 00ce 06000000 		.4byte	.LVL18
 750 00d2 0100     		.2byte	0x1
 751 00d4 50       		.byte	0x50
 752 00d5 06000000 		.4byte	.LVL18
 753 00d9 24000000 		.4byte	.LFE4
 754 00dd 0400     		.2byte	0x4
 755 00df F3       		.byte	0xf3
ARM GAS  C:\Users\jorti\AppData\Local\Temp\ccF3Cv8w.s 			page 17


 756 00e0 01       		.uleb128 0x1
 757 00e1 50       		.byte	0x50
 758 00e2 9F       		.byte	0x9f
 759 00e3 00000000 		.4byte	0
 760 00e7 00000000 		.4byte	0
 761              	.LLST7:
 762 00eb 06000000 		.4byte	.LVL18
 763 00ef 10000000 		.4byte	.LVL20
 764 00f3 0200     		.2byte	0x2
 765 00f5 31       		.byte	0x31
 766 00f6 9F       		.byte	0x9f
 767 00f7 10000000 		.4byte	.LVL20
 768 00fb 24000000 		.4byte	.LFE4
 769 00ff 0100     		.2byte	0x1
 770 0101 50       		.byte	0x50
 771 0102 00000000 		.4byte	0
 772 0106 00000000 		.4byte	0
 773              	.LLST8:
 774 010a 06000000 		.4byte	.LVL18
 775 010e 0A000000 		.4byte	.LVL19
 776 0112 0100     		.2byte	0x1
 777 0114 50       		.byte	0x50
 778 0115 00000000 		.4byte	0
 779 0119 00000000 		.4byte	0
 780              		.section	.debug_aranges,"",%progbits
 781 0000 34000000 		.4byte	0x34
 782 0004 0200     		.2byte	0x2
 783 0006 00000000 		.4byte	.Ldebug_info0
 784 000a 04       		.byte	0x4
 785 000b 00       		.byte	0
 786 000c 0000     		.2byte	0
 787 000e 0000     		.2byte	0
 788 0010 00000000 		.4byte	.LFB1
 789 0014 18000000 		.4byte	.LFE1-.LFB1
 790 0018 00000000 		.4byte	.LFB2
 791 001c 24000000 		.4byte	.LFE2-.LFB2
 792 0020 00000000 		.4byte	.LFB3
 793 0024 24000000 		.4byte	.LFE3-.LFB3
 794 0028 00000000 		.4byte	.LFB4
 795 002c 24000000 		.4byte	.LFE4-.LFB4
 796 0030 00000000 		.4byte	0
 797 0034 00000000 		.4byte	0
 798              		.section	.debug_ranges,"",%progbits
 799              	.Ldebug_ranges0:
 800 0000 00000000 		.4byte	.LFB1
 801 0004 18000000 		.4byte	.LFE1
 802 0008 00000000 		.4byte	.LFB2
 803 000c 24000000 		.4byte	.LFE2
 804 0010 00000000 		.4byte	.LFB3
 805 0014 24000000 		.4byte	.LFE3
 806 0018 00000000 		.4byte	.LFB4
 807 001c 24000000 		.4byte	.LFE4
 808 0020 00000000 		.4byte	0
 809 0024 00000000 		.4byte	0
 810              		.section	.debug_line,"",%progbits
 811              	.Ldebug_line0:
 812 0000 F2000000 		.section	.debug_str,"MS",%progbits,1
ARM GAS  C:\Users\jorti\AppData\Local\Temp\ccF3Cv8w.s 			page 18


 812      02008A00 
 812      00000201 
 812      FB0E0D00 
 812      01010101 
 813              	.LASF21:
 814 0000 4F535F50 		.ascii	"OS_PrioInsert\000"
 814      72696F49 
 814      6E736572 
 814      7400
 815              	.LASF19:
 816 000e 7072696F 		.ascii	"prio\000"
 816      00
 817              	.LASF18:
 818 0013 705F7462 		.ascii	"p_tbl\000"
 818      6C00
 819              	.LASF17:
 820 0019 4F535F50 		.ascii	"OS_PRIO\000"
 820      52494F00 
 821              	.LASF22:
 822 0021 6269745F 		.ascii	"bit_nbr\000"
 822      6E627200 
 823              	.LASF6:
 824 0029 4350555F 		.ascii	"CPU_INT32U\000"
 824      494E5433 
 824      325500
 825              	.LASF10:
 826 0034 666C6F61 		.ascii	"float\000"
 826      7400
 827              	.LASF20:
 828 003a 4F535F50 		.ascii	"OS_PrioInit\000"
 828      72696F49 
 828      6E697400 
 829              	.LASF28:
 830 0046 4F535072 		.ascii	"OSPrioTbl\000"
 830      696F5462 
 830      6C00
 831              	.LASF1:
 832 0050 756E7369 		.ascii	"unsigned char\000"
 832      676E6564 
 832      20636861 
 832      7200
 833              	.LASF24:
 834 005e 474E5520 		.ascii	"GNU C11 5.4.1 20160609 (release) [ARM/embedded-5-br"
 834      43313120 
 834      352E342E 
 834      31203230 
 834      31363036 
 835 0091 616E6368 		.ascii	"anch revision 237715] -mcpu=cortex-m3 -mthumb -g -O"
 835      20726576 
 835      6973696F 
 835      6E203233 
 835      37373135 
 836 00c4 67202D66 		.ascii	"g -ffunction-sections -ffat-lto-objects\000"
 836      66756E63 
 836      74696F6E 
 836      2D736563 
 836      74696F6E 
ARM GAS  C:\Users\jorti\AppData\Local\Temp\ccF3Cv8w.s 			page 19


 837              	.LASF14:
 838 00ec 6C6F6E67 		.ascii	"long unsigned int\000"
 838      20756E73 
 838      69676E65 
 838      6420696E 
 838      7400
 839              	.LASF5:
 840 00fe 4350555F 		.ascii	"CPU_INT08U\000"
 840      494E5430 
 840      385500
 841              	.LASF11:
 842 0109 646F7562 		.ascii	"double\000"
 842      6C6500
 843              	.LASF4:
 844 0110 73686F72 		.ascii	"short int\000"
 844      7420696E 
 844      7400
 845              	.LASF7:
 846 011a 756E7369 		.ascii	"unsigned int\000"
 846      676E6564 
 846      20696E74 
 846      00
 847              	.LASF8:
 848 0127 6C6F6E67 		.ascii	"long long unsigned int\000"
 848      206C6F6E 
 848      6720756E 
 848      7369676E 
 848      65642069 
 849              	.LASF25:
 850 013e 75434F53 		.ascii	"uCOS-III\\Source\\os_prio.c\000"
 850      2D494949 
 850      5C536F75 
 850      7263655C 
 850      6F735F70 
 851              	.LASF27:
 852 0158 4F535F50 		.ascii	"OS_PrioGetHighest\000"
 852      72696F47 
 852      65744869 
 852      67686573 
 852      7400
 853              	.LASF29:
 854 016a 4350555F 		.ascii	"CPU_CntLeadZeros\000"
 854      436E744C 
 854      6561645A 
 854      65726F73 
 854      00
 855              	.LASF16:
 856 017b 73697A65 		.ascii	"sizetype\000"
 856      74797065 
 856      00
 857              	.LASF9:
 858 0184 6C6F6E67 		.ascii	"long long int\000"
 858      206C6F6E 
 858      6720696E 
 858      7400
 859              	.LASF0:
 860 0192 63686172 		.ascii	"char\000"
ARM GAS  C:\Users\jorti\AppData\Local\Temp\ccF3Cv8w.s 			page 20


 860      00
 861              	.LASF23:
 862 0197 4F535F50 		.ascii	"OS_PrioRemove\000"
 862      72696F52 
 862      656D6F76 
 862      6500
 863              	.LASF12:
 864 01a5 4350555F 		.ascii	"CPU_DATA\000"
 864      44415441 
 864      00
 865              	.LASF26:
 866 01ae 433A5C55 		.ascii	"C:\\Users\\jorti\\Documents\\FH_Technikum\\MES1\\Sy"
 866      73657273 
 866      5C6A6F72 
 866      74695C44 
 866      6F63756D 
 867 01db 7374656D 		.ascii	"stem_Software_1\\cypress_bldc_motor\\esw_rtos_cykit"
 867      5F536F66 
 867      74776172 
 867      655F315C 
 867      63797072 
 868 020c 5C657377 		.ascii	"\\esw_uCOS3_cykit.cydsn\000"
 868      5F75434F 
 868      53335F63 
 868      796B6974 
 868      2E637964 
 869              	.LASF13:
 870 0223 6C6F6E67 		.ascii	"long int\000"
 870      20696E74 
 870      00
 871              	.LASF15:
 872 022c 6C6F6E67 		.ascii	"long double\000"
 872      20646F75 
 872      626C6500 
 873              	.LASF2:
 874 0238 7369676E 		.ascii	"signed char\000"
 874      65642063 
 874      68617200 
 875              	.LASF3:
 876 0244 73686F72 		.ascii	"short unsigned int\000"
 876      7420756E 
 876      7369676E 
 876      65642069 
 876      6E7400
 877              		.ident	"GCC: (GNU Tools for ARM Embedded Processors) 5.4.1 20160609 (release) [ARM/embedded-5-bran
